<?xml version="1.0" encoding="UTF-8"?>
<testsuite xmlns:xsi="http://www.w3.org/2001/XMLSchema-instance" xsi:noNamespaceSchemaLocation="https://maven.apache.org/surefire/maven-surefire-plugin/xsd/surefire-test-report.xsd" version="3.0.2" name="com.supershopcart.services.JwtTokenServiceTest" time="0.72" tests="42" errors="0" skipped="0" failures="0">
  <properties>
    <property name="java.specification.version" value="23"/>
    <property name="sun.jnu.encoding" value="UTF-8"/>
    <property name="FIRESTORE_EMULATOR_HOST" value="127.0.0.1:8081"/>
    <property name="java.class.path" value="/Users/miguelloureiro/repos/supershoppercart/backend/target/test-classes:/Users/miguelloureiro/repos/supershoppercart/backend/target/classes:/Users/miguelloureiro/.m2/repository/com/h2database/h2/2.3.232/h2-2.3.232.jar:/Users/miguelloureiro/.m2/repository/org/testcontainers/testcontainers/1.21.2/testcontainers-1.21.2.jar:/Users/miguelloureiro/.m2/repository/junit/junit/4.13.2/junit-4.13.2.jar:/Users/miguelloureiro/.m2/repository/org/hamcrest/hamcrest-core/3.0/hamcrest-core-3.0.jar:/Users/miguelloureiro/.m2/repository/org/slf4j/slf4j-api/2.0.17/slf4j-api-2.0.17.jar:/Users/miguelloureiro/.m2/repository/org/apache/commons/commons-compress/1.24.0/commons-compress-1.24.0.jar:/Users/miguelloureiro/.m2/repository/org/rnorth/duct-tape/duct-tape/1.0.8/duct-tape-1.0.8.jar:/Users/miguelloureiro/.m2/repository/org/jetbrains/annotations/17.0.0/annotations-17.0.0.jar:/Users/miguelloureiro/.m2/repository/com/github/docker-java/docker-java-api/3.4.2/docker-java-api-3.4.2.jar:/Users/miguelloureiro/.m2/repository/com/fasterxml/jackson/core/jackson-annotations/2.19.1/jackson-annotations-2.19.1.jar:/Users/miguelloureiro/.m2/repository/com/github/docker-java/docker-java-transport-zerodep/3.4.2/docker-java-transport-zerodep-3.4.2.jar:/Users/miguelloureiro/.m2/repository/com/github/docker-java/docker-java-transport/3.4.2/docker-java-transport-3.4.2.jar:/Users/miguelloureiro/.m2/repository/net/java/dev/jna/jna/5.13.0/jna-5.13.0.jar:/Users/miguelloureiro/.m2/repository/org/testcontainers/junit-jupiter/1.21.2/junit-jupiter-1.21.2.jar:/Users/miguelloureiro/.m2/repository/com/google/cloud/google-cloud-firestore/3.31.9/google-cloud-firestore-3.31.9.jar:/Users/miguelloureiro/.m2/repository/com/google/cloud/google-cloud-core-grpc/2.58.1/google-cloud-core-grpc-2.58.1.jar:/Users/miguelloureiro/.m2/repository/com/google/http-client/google-http-client/1.47.1/google-http-client-1.47.1.jar:/Users/miguelloureiro/.m2/repository/org/apache/httpcomponents/httpclient/4.5.14/httpclient-4.5.14.jar:/Users/miguelloureiro/.m2/repository/org/apache/httpcomponents/httpcore/4.4.16/httpcore-4.4.16.jar:/Users/miguelloureiro/.m2/repository/io/grpc/grpc-context/1.71.0/grpc-context-1.71.0.jar:/Users/miguelloureiro/.m2/repository/io/opencensus/opencensus-contrib-http-util/0.31.1/opencensus-contrib-http-util-0.31.1.jar:/Users/miguelloureiro/.m2/repository/com/google/errorprone/error_prone_annotations/2.38.0/error_prone_annotations-2.38.0.jar:/Users/miguelloureiro/.m2/repository/com/google/api/grpc/proto-google-cloud-firestore-v1/3.31.9/proto-google-cloud-firestore-v1-3.31.9.jar:/Users/miguelloureiro/.m2/repository/com/google/cloud/proto-google-cloud-firestore-bundle-v1/3.31.9/proto-google-cloud-firestore-bundle-v1-3.31.9.jar:/Users/miguelloureiro/.m2/repository/com/google/auto/value/auto-value-annotations/1.11.0/auto-value-annotations-1.11.0.jar:/Users/miguelloureiro/.m2/repository/com/google/code/findbugs/jsr305/3.0.2/jsr305-3.0.2.jar:/Users/miguelloureiro/.m2/repository/com/google/api/api-common/2.51.1/api-common-2.51.1.jar:/Users/miguelloureiro/.m2/repository/com/google/j2objc/j2objc-annotations/3.0.0/j2objc-annotations-3.0.0.jar:/Users/miguelloureiro/.m2/repository/io/grpc/grpc-protobuf/1.71.0/grpc-protobuf-1.71.0.jar:/Users/miguelloureiro/.m2/repository/io/grpc/grpc-protobuf-lite/1.71.0/grpc-protobuf-lite-1.71.0.jar:/Users/miguelloureiro/.m2/repository/com/google/protobuf/protobuf-java/4.29.4/protobuf-java-4.29.4.jar:/Users/miguelloureiro/.m2/repository/com/google/api/grpc/proto-google-common-protos/2.59.1/proto-google-common-protos-2.59.1.jar:/Users/miguelloureiro/.m2/repository/com/google/api/gax/2.68.1/gax-2.68.1.jar:/Users/miguelloureiro/.m2/repository/io/opencensus/opencensus-api/0.31.1/opencensus-api-0.31.1.jar:/Users/miguelloureiro/.m2/repository/com/google/auth/google-auth-library-oauth2-http/1.37.1/google-auth-library-oauth2-http-1.37.1.jar:/Users/miguelloureiro/.m2/repository/io/grpc/grpc-api/1.71.0/grpc-api-1.71.0.jar:/Users/miguelloureiro/.m2/repository/com/google/api/gax-grpc/2.68.1/gax-grpc-2.68.1.jar:/Users/miguelloureiro/.m2/repository/io/grpc/grpc-inprocess/1.71.0/grpc-inprocess-1.71.0.jar:/Users/miguelloureiro/.m2/repository/io/grpc/grpc-core/1.71.0/grpc-core-1.71.0.jar:/Users/miguelloureiro/.m2/repository/io/grpc/grpc-alts/1.71.0/grpc-alts-1.71.0.jar:/Users/miguelloureiro/.m2/repository/io/grpc/grpc-grpclb/1.71.0/grpc-grpclb-1.71.0.jar:/Users/miguelloureiro/.m2/repository/org/conscrypt/conscrypt-openjdk-uber/2.5.2/conscrypt-openjdk-uber-2.5.2.jar:/Users/miguelloureiro/.m2/repository/io/grpc/grpc-auth/1.71.0/grpc-auth-1.71.0.jar:/Users/miguelloureiro/.m2/repository/io/grpc/grpc-netty-shaded/1.71.0/grpc-netty-shaded-1.71.0.jar:/Users/miguelloureiro/.m2/repository/io/grpc/grpc-util/1.71.0/grpc-util-1.71.0.jar:/Users/miguelloureiro/.m2/repository/io/perfmark/perfmark-api/0.27.0/perfmark-api-0.27.0.jar:/Users/miguelloureiro/.m2/repository/io/grpc/grpc-googleapis/1.71.0/grpc-googleapis-1.71.0.jar:/Users/miguelloureiro/.m2/repository/io/grpc/grpc-xds/1.71.0/grpc-xds-1.71.0.jar:/Users/miguelloureiro/.m2/repository/com/google/re2j/re2j/1.8/re2j-1.8.jar:/Users/miguelloureiro/.m2/repository/com/google/api/gax-httpjson/2.68.1/gax-httpjson-2.68.1.jar:/Users/miguelloureiro/.m2/repository/com/google/http-client/google-http-client-gson/1.47.1/google-http-client-gson-1.47.1.jar:/Users/miguelloureiro/.m2/repository/com/google/guava/guava/33.4.0-jre/guava-33.4.0-jre.jar:/Users/miguelloureiro/.m2/repository/com/google/guava/failureaccess/1.0.2/failureaccess-1.0.2.jar:/Users/miguelloureiro/.m2/repository/com/google/guava/listenablefuture/9999.0-empty-to-avoid-conflict-with-guava/listenablefuture-9999.0-empty-to-avoid-conflict-with-guava.jar:/Users/miguelloureiro/.m2/repository/org/checkerframework/checker-qual/3.49.0/checker-qual-3.49.0.jar:/Users/miguelloureiro/.m2/repository/org/threeten/threetenbp/1.7.0/threetenbp-1.7.0.jar:/Users/miguelloureiro/.m2/repository/io/grpc/grpc-stub/1.71.0/grpc-stub-1.71.0.jar:/Users/miguelloureiro/.m2/repository/org/codehaus/mojo/animal-sniffer-annotations/1.24/animal-sniffer-annotations-1.24.jar:/Users/miguelloureiro/.m2/repository/com/google/auth/google-auth-library-credentials/1.37.1/google-auth-library-credentials-1.37.1.jar:/Users/miguelloureiro/.m2/repository/com/google/cloud/google-cloud-core/2.58.1/google-cloud-core-2.58.1.jar:/Users/miguelloureiro/.m2/repository/com/google/api/grpc/proto-google-iam-v1/1.54.1/proto-google-iam-v1-1.54.1.jar:/Users/miguelloureiro/.m2/repository/com/google/code/gson/gson/2.13.1/gson-2.13.1.jar:/Users/miguelloureiro/.m2/repository/com/google/protobuf/protobuf-java-util/4.29.4/protobuf-java-util-4.29.4.jar:/Users/miguelloureiro/.m2/repository/io/opentelemetry/opentelemetry-api/1.49.0/opentelemetry-api-1.49.0.jar:/Users/miguelloureiro/.m2/repository/io/opentelemetry/opentelemetry-context/1.49.0/opentelemetry-context-1.49.0.jar:/Users/miguelloureiro/.m2/repository/io/opentelemetry/instrumentation/opentelemetry-grpc-1.6/2.1.0-alpha/opentelemetry-grpc-1.6-2.1.0-alpha.jar:/Users/miguelloureiro/.m2/repository/io/opentelemetry/instrumentation/opentelemetry-instrumentation-api/2.1.0/opentelemetry-instrumentation-api-2.1.0.jar:/Users/miguelloureiro/.m2/repository/io/opentelemetry/opentelemetry-extension-incubator/1.35.0-alpha/opentelemetry-extension-incubator-1.35.0-alpha.jar:/Users/miguelloureiro/.m2/repository/io/opentelemetry/semconv/opentelemetry-semconv/1.29.0-alpha/opentelemetry-semconv-1.29.0-alpha.jar:/Users/miguelloureiro/.m2/repository/io/opentelemetry/instrumentation/opentelemetry-instrumentation-api-incubator/2.1.0-alpha/opentelemetry-instrumentation-api-incubator-2.1.0-alpha.jar:/Users/miguelloureiro/.m2/repository/io/opentelemetry/opentelemetry-sdk/1.49.0/opentelemetry-sdk-1.49.0.jar:/Users/miguelloureiro/.m2/repository/io/opentelemetry/opentelemetry-sdk-common/1.49.0/opentelemetry-sdk-common-1.49.0.jar:/Users/miguelloureiro/.m2/repository/io/opentelemetry/opentelemetry-sdk-trace/1.49.0/opentelemetry-sdk-trace-1.49.0.jar:/Users/miguelloureiro/.m2/repository/io/opentelemetry/opentelemetry-sdk-logs/1.49.0/opentelemetry-sdk-logs-1.49.0.jar:/Users/miguelloureiro/.m2/repository/io/opentelemetry/opentelemetry-sdk-metrics/1.49.0/opentelemetry-sdk-metrics-1.49.0.jar:/Users/miguelloureiro/.m2/repository/com/google/cloud/opentelemetry/exporter-metrics/0.33.0/exporter-metrics-0.33.0.jar:/Users/miguelloureiro/.m2/repository/com/google/cloud/google-cloud-monitoring/3.69.0/google-cloud-monitoring-3.69.0.jar:/Users/miguelloureiro/.m2/repository/com/google/api/grpc/proto-google-cloud-monitoring-v3/3.69.0/proto-google-cloud-monitoring-v3-3.69.0.jar:/Users/miguelloureiro/.m2/repository/com/google/android/annotations/4.1.1.4/annotations-4.1.1.4.jar:/Users/miguelloureiro/.m2/repository/io/grpc/grpc-services/1.71.0/grpc-services-1.71.0.jar:/Users/miguelloureiro/.m2/repository/commons-codec/commons-codec/1.18.0/commons-codec-1.18.0.jar:/Users/miguelloureiro/.m2/repository/com/google/cloud/opentelemetry/shared-resourcemapping/0.33.0/shared-resourcemapping-0.33.0.jar:/Users/miguelloureiro/.m2/repository/javax/annotation/javax.annotation-api/1.3.2/javax.annotation-api-1.3.2.jar:/Users/miguelloureiro/.m2/repository/jakarta/validation/jakarta.validation-api/3.1.1/jakarta.validation-api-3.1.1.jar:/Users/miguelloureiro/.m2/repository/org/hibernate/validator/hibernate-validator/9.0.1.Final/hibernate-validator-9.0.1.Final.jar:/Users/miguelloureiro/.m2/repository/org/jboss/logging/jboss-logging/3.6.1.Final/jboss-logging-3.6.1.Final.jar:/Users/miguelloureiro/.m2/repository/com/fasterxml/classmate/1.7.0/classmate-1.7.0.jar:/Users/miguelloureiro/.m2/repository/org/springdoc/springdoc-openapi-starter-webmvc-ui/2.8.9/springdoc-openapi-starter-webmvc-ui-2.8.9.jar:/Users/miguelloureiro/.m2/repository/org/springdoc/springdoc-openapi-starter-webmvc-api/2.8.9/springdoc-openapi-starter-webmvc-api-2.8.9.jar:/Users/miguelloureiro/.m2/repository/org/springdoc/springdoc-openapi-starter-common/2.8.9/springdoc-openapi-starter-common-2.8.9.jar:/Users/miguelloureiro/.m2/repository/org/springframework/boot/spring-boot-starter-validation/3.5.3/spring-boot-starter-validation-3.5.3.jar:/Users/miguelloureiro/.m2/repository/io/swagger/core/v3/swagger-core-jakarta/2.2.30/swagger-core-jakarta-2.2.30.jar:/Users/miguelloureiro/.m2/repository/org/apache/commons/commons-lang3/3.17.0/commons-lang3-3.17.0.jar:/Users/miguelloureiro/.m2/repository/io/swagger/core/v3/swagger-annotations-jakarta/2.2.30/swagger-annotations-jakarta-2.2.30.jar:/Users/miguelloureiro/.m2/repository/io/swagger/core/v3/swagger-models-jakarta/2.2.30/swagger-models-jakarta-2.2.30.jar:/Users/miguelloureiro/.m2/repository/com/fasterxml/jackson/dataformat/jackson-dataformat-yaml/2.19.1/jackson-dataformat-yaml-2.19.1.jar:/Users/miguelloureiro/.m2/repository/org/webjars/swagger-ui/5.21.0/swagger-ui-5.21.0.jar:/Users/miguelloureiro/.m2/repository/org/webjars/webjars-locator-lite/1.1.0/webjars-locator-lite-1.1.0.jar:/Users/miguelloureiro/.m2/repository/org/jspecify/jspecify/1.0.0/jspecify-1.0.0.jar:/Users/miguelloureiro/.m2/repository/org/springframework/boot/spring-boot-starter-data-jpa/3.5.3/spring-boot-starter-data-jpa-3.5.3.jar:/Users/miguelloureiro/.m2/repository/org/springframework/boot/spring-boot-starter/3.5.3/spring-boot-starter-3.5.3.jar:/Users/miguelloureiro/.m2/repository/org/springframework/boot/spring-boot-starter-logging/3.5.3/spring-boot-starter-logging-3.5.3.jar:/Users/miguelloureiro/.m2/repository/ch/qos/logback/logback-classic/1.5.18/logback-classic-1.5.18.jar:/Users/miguelloureiro/.m2/repository/ch/qos/logback/logback-core/1.5.18/logback-core-1.5.18.jar:/Users/miguelloureiro/.m2/repository/org/apache/logging/log4j/log4j-to-slf4j/2.24.3/log4j-to-slf4j-2.24.3.jar:/Users/miguelloureiro/.m2/repository/org/apache/logging/log4j/log4j-api/2.24.3/log4j-api-2.24.3.jar:/Users/miguelloureiro/.m2/repository/org/slf4j/jul-to-slf4j/2.0.17/jul-to-slf4j-2.0.17.jar:/Users/miguelloureiro/.m2/repository/jakarta/annotation/jakarta.annotation-api/2.1.1/jakarta.annotation-api-2.1.1.jar:/Users/miguelloureiro/.m2/repository/org/yaml/snakeyaml/2.4/snakeyaml-2.4.jar:/Users/miguelloureiro/.m2/repository/org/springframework/boot/spring-boot-starter-jdbc/3.5.3/spring-boot-starter-jdbc-3.5.3.jar:/Users/miguelloureiro/.m2/repository/com/zaxxer/HikariCP/6.3.0/HikariCP-6.3.0.jar:/Users/miguelloureiro/.m2/repository/org/springframework/spring-jdbc/6.2.8/spring-jdbc-6.2.8.jar:/Users/miguelloureiro/.m2/repository/org/hibernate/orm/hibernate-core/6.6.18.Final/hibernate-core-6.6.18.Final.jar:/Users/miguelloureiro/.m2/repository/jakarta/persistence/jakarta.persistence-api/3.1.0/jakarta.persistence-api-3.1.0.jar:/Users/miguelloureiro/.m2/repository/jakarta/transaction/jakarta.transaction-api/2.0.1/jakarta.transaction-api-2.0.1.jar:/Users/miguelloureiro/.m2/repository/org/hibernate/common/hibernate-commons-annotations/7.0.3.Final/hibernate-commons-annotations-7.0.3.Final.jar:/Users/miguelloureiro/.m2/repository/io/smallrye/jandex/3.2.0/jandex-3.2.0.jar:/Users/miguelloureiro/.m2/repository/org/glassfish/jaxb/jaxb-runtime/4.0.5/jaxb-runtime-4.0.5.jar:/Users/miguelloureiro/.m2/repository/org/glassfish/jaxb/jaxb-core/4.0.5/jaxb-core-4.0.5.jar:/Users/miguelloureiro/.m2/repository/org/eclipse/angus/angus-activation/2.0.2/angus-activation-2.0.2.jar:/Users/miguelloureiro/.m2/repository/org/glassfish/jaxb/txw2/4.0.5/txw2-4.0.5.jar:/Users/miguelloureiro/.m2/repository/com/sun/istack/istack-commons-runtime/4.1.2/istack-commons-runtime-4.1.2.jar:/Users/miguelloureiro/.m2/repository/jakarta/inject/jakarta.inject-api/2.0.1/jakarta.inject-api-2.0.1.jar:/Users/miguelloureiro/.m2/repository/org/antlr/antlr4-runtime/4.13.0/antlr4-runtime-4.13.0.jar:/Users/miguelloureiro/.m2/repository/org/springframework/data/spring-data-jpa/3.5.1/spring-data-jpa-3.5.1.jar:/Users/miguelloureiro/.m2/repository/org/springframework/data/spring-data-commons/3.5.1/spring-data-commons-3.5.1.jar:/Users/miguelloureiro/.m2/repository/org/springframework/spring-orm/6.2.8/spring-orm-6.2.8.jar:/Users/miguelloureiro/.m2/repository/org/springframework/spring-context/6.2.8/spring-context-6.2.8.jar:/Users/miguelloureiro/.m2/repository/org/springframework/spring-tx/6.2.8/spring-tx-6.2.8.jar:/Users/miguelloureiro/.m2/repository/org/springframework/spring-beans/6.2.8/spring-beans-6.2.8.jar:/Users/miguelloureiro/.m2/repository/org/springframework/spring-aspects/6.2.8/spring-aspects-6.2.8.jar:/Users/miguelloureiro/.m2/repository/org/aspectj/aspectjweaver/1.9.24/aspectjweaver-1.9.24.jar:/Users/miguelloureiro/.m2/repository/org/springframework/boot/spring-boot-starter-security/3.5.4/spring-boot-starter-security-3.5.4.jar:/Users/miguelloureiro/.m2/repository/org/springframework/spring-aop/6.2.8/spring-aop-6.2.8.jar:/Users/miguelloureiro/.m2/repository/org/springframework/security/spring-security-config/6.5.1/spring-security-config-6.5.1.jar:/Users/miguelloureiro/.m2/repository/org/springframework/security/spring-security-web/6.5.1/spring-security-web-6.5.1.jar:/Users/miguelloureiro/.m2/repository/org/springframework/spring-expression/6.2.8/spring-expression-6.2.8.jar:/Users/miguelloureiro/.m2/repository/org/springframework/boot/spring-boot-starter-web/3.5.3/spring-boot-starter-web-3.5.3.jar:/Users/miguelloureiro/.m2/repository/org/springframework/boot/spring-boot-starter-json/3.5.3/spring-boot-starter-json-3.5.3.jar:/Users/miguelloureiro/.m2/repository/com/fasterxml/jackson/datatype/jackson-datatype-jdk8/2.19.1/jackson-datatype-jdk8-2.19.1.jar:/Users/miguelloureiro/.m2/repository/com/fasterxml/jackson/datatype/jackson-datatype-jsr310/2.19.1/jackson-datatype-jsr310-2.19.1.jar:/Users/miguelloureiro/.m2/repository/com/fasterxml/jackson/module/jackson-module-parameter-names/2.19.1/jackson-module-parameter-names-2.19.1.jar:/Users/miguelloureiro/.m2/repository/org/springframework/boot/spring-boot-starter-tomcat/3.5.3/spring-boot-starter-tomcat-3.5.3.jar:/Users/miguelloureiro/.m2/repository/org/apache/tomcat/embed/tomcat-embed-core/10.1.42/tomcat-embed-core-10.1.42.jar:/Users/miguelloureiro/.m2/repository/org/apache/tomcat/embed/tomcat-embed-el/10.1.42/tomcat-embed-el-10.1.42.jar:/Users/miguelloureiro/.m2/repository/org/apache/tomcat/embed/tomcat-embed-websocket/10.1.42/tomcat-embed-websocket-10.1.42.jar:/Users/miguelloureiro/.m2/repository/org/springframework/spring-web/6.2.8/spring-web-6.2.8.jar:/Users/miguelloureiro/.m2/repository/io/micrometer/micrometer-observation/1.15.1/micrometer-observation-1.15.1.jar:/Users/miguelloureiro/.m2/repository/io/micrometer/micrometer-commons/1.15.1/micrometer-commons-1.15.1.jar:/Users/miguelloureiro/.m2/repository/org/springframework/spring-webmvc/6.2.8/spring-webmvc-6.2.8.jar:/Users/miguelloureiro/.m2/repository/org/springframework/boot/spring-boot-devtools/3.5.3/spring-boot-devtools-3.5.3.jar:/Users/miguelloureiro/.m2/repository/org/springframework/boot/spring-boot/3.5.3/spring-boot-3.5.3.jar:/Users/miguelloureiro/.m2/repository/org/springframework/boot/spring-boot-autoconfigure/3.5.3/spring-boot-autoconfigure-3.5.3.jar:/Users/miguelloureiro/.m2/repository/org/projectlombok/lombok/1.18.32/lombok-1.18.32.jar:/Users/miguelloureiro/.m2/repository/io/jsonwebtoken/jjwt-api/0.12.6/jjwt-api-0.12.6.jar:/Users/miguelloureiro/.m2/repository/io/jsonwebtoken/jjwt-impl/0.12.6/jjwt-impl-0.12.6.jar:/Users/miguelloureiro/.m2/repository/io/jsonwebtoken/jjwt-jackson/0.12.6/jjwt-jackson-0.12.6.jar:/Users/miguelloureiro/.m2/repository/com/fasterxml/jackson/core/jackson-databind/2.19.1/jackson-databind-2.19.1.jar:/Users/miguelloureiro/.m2/repository/com/fasterxml/jackson/core/jackson-core/2.19.1/jackson-core-2.19.1.jar:/Users/miguelloureiro/.m2/repository/com/google/firebase/firebase-admin/9.5.0/firebase-admin-9.5.0.jar:/Users/miguelloureiro/.m2/repository/com/google/api-client/google-api-client/2.7.2/google-api-client-2.7.2.jar:/Users/miguelloureiro/.m2/repository/com/google/oauth-client/google-oauth-client/1.39.0/google-oauth-client-1.39.0.jar:/Users/miguelloureiro/.m2/repository/com/google/http-client/google-http-client-apache-v2/1.47.1/google-http-client-apache-v2-1.47.1.jar:/Users/miguelloureiro/.m2/repository/com/google/api-client/google-api-client-gson/2.7.2/google-api-client-gson-2.7.2.jar:/Users/miguelloureiro/.m2/repository/com/google/cloud/google-cloud-storage/2.53.3/google-cloud-storage-2.53.3.jar:/Users/miguelloureiro/.m2/repository/com/google/http-client/google-http-client-jackson2/1.47.1/google-http-client-jackson2-1.47.1.jar:/Users/miguelloureiro/.m2/repository/com/google/apis/google-api-services-storage/v1-rev20250629-2.0.0/google-api-services-storage-v1-rev20250629-2.0.0.jar:/Users/miguelloureiro/.m2/repository/com/google/cloud/google-cloud-core-http/2.58.1/google-cloud-core-http-2.58.1.jar:/Users/miguelloureiro/.m2/repository/com/google/http-client/google-http-client-appengine/1.47.1/google-http-client-appengine-1.47.1.jar:/Users/miguelloureiro/.m2/repository/com/google/api/grpc/proto-google-cloud-storage-v2/2.53.3/proto-google-cloud-storage-v2-2.53.3.jar:/Users/miguelloureiro/.m2/repository/com/google/api/grpc/grpc-google-cloud-storage-v2/2.53.3/grpc-google-cloud-storage-v2-2.53.3.jar:/Users/miguelloureiro/.m2/repository/com/google/api/grpc/gapic-google-cloud-storage-v2/2.53.3/gapic-google-cloud-storage-v2-2.53.3.jar:/Users/miguelloureiro/.m2/repository/io/grpc/grpc-opentelemetry/1.71.0/grpc-opentelemetry-1.71.0.jar:/Users/miguelloureiro/.m2/repository/io/opentelemetry/opentelemetry-sdk-extension-autoconfigure-spi/1.49.0/opentelemetry-sdk-extension-autoconfigure-spi-1.49.0.jar:/Users/miguelloureiro/.m2/repository/io/opentelemetry/contrib/opentelemetry-gcp-resources/1.37.0-alpha/opentelemetry-gcp-resources-1.37.0-alpha.jar:/Users/miguelloureiro/.m2/repository/com/google/cloud/opentelemetry/detector-resources-support/0.33.0/detector-resources-support-0.33.0.jar:/Users/miguelloureiro/.m2/repository/io/grpc/grpc-rls/1.71.0/grpc-rls-1.71.0.jar:/Users/miguelloureiro/.m2/repository/io/netty/netty-codec-http/4.1.122.Final/netty-codec-http-4.1.122.Final.jar:/Users/miguelloureiro/.m2/repository/io/netty/netty-common/4.1.122.Final/netty-common-4.1.122.Final.jar:/Users/miguelloureiro/.m2/repository/io/netty/netty-buffer/4.1.122.Final/netty-buffer-4.1.122.Final.jar:/Users/miguelloureiro/.m2/repository/io/netty/netty-codec/4.1.122.Final/netty-codec-4.1.122.Final.jar:/Users/miguelloureiro/.m2/repository/io/netty/netty-handler/4.1.122.Final/netty-handler-4.1.122.Final.jar:/Users/miguelloureiro/.m2/repository/io/netty/netty-resolver/4.1.122.Final/netty-resolver-4.1.122.Final.jar:/Users/miguelloureiro/.m2/repository/io/netty/netty-transport-native-unix-common/4.1.122.Final/netty-transport-native-unix-common-4.1.122.Final.jar:/Users/miguelloureiro/.m2/repository/io/netty/netty-transport/4.1.122.Final/netty-transport-4.1.122.Final.jar:/Users/miguelloureiro/.m2/repository/org/apache/httpcomponents/client5/httpclient5/5.5/httpclient5-5.5.jar:/Users/miguelloureiro/.m2/repository/org/apache/httpcomponents/core5/httpcore5/5.3.4/httpcore5-5.3.4.jar:/Users/miguelloureiro/.m2/repository/org/apache/httpcomponents/core5/httpcore5-h2/5.3.4/httpcore5-h2-5.3.4.jar:/Users/miguelloureiro/.m2/repository/org/springframework/boot/spring-boot-starter-test/3.5.3/spring-boot-starter-test-3.5.3.jar:/Users/miguelloureiro/.m2/repository/org/springframework/boot/spring-boot-test/3.5.3/spring-boot-test-3.5.3.jar:/Users/miguelloureiro/.m2/repository/org/springframework/boot/spring-boot-test-autoconfigure/3.5.3/spring-boot-test-autoconfigure-3.5.3.jar:/Users/miguelloureiro/.m2/repository/com/jayway/jsonpath/json-path/2.9.0/json-path-2.9.0.jar:/Users/miguelloureiro/.m2/repository/jakarta/xml/bind/jakarta.xml.bind-api/4.0.2/jakarta.xml.bind-api-4.0.2.jar:/Users/miguelloureiro/.m2/repository/jakarta/activation/jakarta.activation-api/2.1.3/jakarta.activation-api-2.1.3.jar:/Users/miguelloureiro/.m2/repository/net/minidev/json-smart/2.5.2/json-smart-2.5.2.jar:/Users/miguelloureiro/.m2/repository/net/minidev/accessors-smart/2.5.2/accessors-smart-2.5.2.jar:/Users/miguelloureiro/.m2/repository/org/ow2/asm/asm/9.7.1/asm-9.7.1.jar:/Users/miguelloureiro/.m2/repository/org/assertj/assertj-core/3.27.3/assertj-core-3.27.3.jar:/Users/miguelloureiro/.m2/repository/org/awaitility/awaitility/4.2.2/awaitility-4.2.2.jar:/Users/miguelloureiro/.m2/repository/org/hamcrest/hamcrest/3.0/hamcrest-3.0.jar:/Users/miguelloureiro/.m2/repository/org/junit/jupiter/junit-jupiter/5.12.2/junit-jupiter-5.12.2.jar:/Users/miguelloureiro/.m2/repository/org/junit/jupiter/junit-jupiter-api/5.12.2/junit-jupiter-api-5.12.2.jar:/Users/miguelloureiro/.m2/repository/org/opentest4j/opentest4j/1.3.0/opentest4j-1.3.0.jar:/Users/miguelloureiro/.m2/repository/org/junit/platform/junit-platform-commons/1.12.2/junit-platform-commons-1.12.2.jar:/Users/miguelloureiro/.m2/repository/org/apiguardian/apiguardian-api/1.1.2/apiguardian-api-1.1.2.jar:/Users/miguelloureiro/.m2/repository/org/junit/jupiter/junit-jupiter-params/5.12.2/junit-jupiter-params-5.12.2.jar:/Users/miguelloureiro/.m2/repository/org/junit/jupiter/junit-jupiter-engine/5.12.2/junit-jupiter-engine-5.12.2.jar:/Users/miguelloureiro/.m2/repository/org/junit/platform/junit-platform-engine/1.12.2/junit-platform-engine-1.12.2.jar:/Users/miguelloureiro/.m2/repository/org/mockito/mockito-junit-jupiter/5.17.0/mockito-junit-jupiter-5.17.0.jar:/Users/miguelloureiro/.m2/repository/org/skyscreamer/jsonassert/1.5.3/jsonassert-1.5.3.jar:/Users/miguelloureiro/.m2/repository/com/vaadin/external/google/android-json/0.0.20131108.vaadin1/android-json-0.0.20131108.vaadin1.jar:/Users/miguelloureiro/.m2/repository/org/springframework/spring-core/6.2.8/spring-core-6.2.8.jar:/Users/miguelloureiro/.m2/repository/org/springframework/spring-jcl/6.2.8/spring-jcl-6.2.8.jar:/Users/miguelloureiro/.m2/repository/org/springframework/spring-test/6.2.8/spring-test-6.2.8.jar:/Users/miguelloureiro/.m2/repository/org/xmlunit/xmlunit-core/2.10.2/xmlunit-core-2.10.2.jar:/Users/miguelloureiro/.m2/repository/org/springframework/security/spring-security-test/6.5.1/spring-security-test-6.5.1.jar:/Users/miguelloureiro/.m2/repository/org/springframework/security/spring-security-core/6.5.1/spring-security-core-6.5.1.jar:/Users/miguelloureiro/.m2/repository/org/springframework/security/spring-security-crypto/6.5.1/spring-security-crypto-6.5.1.jar:/Users/miguelloureiro/.m2/repository/org/mockito/mockito-core/5.17.0/mockito-core-5.17.0.jar:/Users/miguelloureiro/.m2/repository/net/bytebuddy/byte-buddy/1.17.6/byte-buddy-1.17.6.jar:/Users/miguelloureiro/.m2/repository/net/bytebuddy/byte-buddy-agent/1.17.6/byte-buddy-agent-1.17.6.jar:/Users/miguelloureiro/.m2/repository/org/objenesis/objenesis/3.3/objenesis-3.3.jar:"/>
    <property name="java.vm.vendor" value="Homebrew"/>
    <property name="sun.arch.data.model" value="64"/>
    <property name="java.vendor.url" value="https://github.com/Homebrew/homebrew-core/issues"/>
    <property name="user.timezone" value="Europe/Lisbon"/>
    <property name="org.jboss.logging.provider" value="slf4j"/>
    <property name="os.name" value="Mac OS X"/>
    <property name="java.vm.specification.version" value="23"/>
    <property name="APPLICATION_NAME" value="supershopcart"/>
    <property name="sun.java.launcher" value="SUN_STANDARD"/>
    <property name="user.country" value="GB"/>
    <property name="sun.boot.library.path" value="/opt/homebrew/Cellar/openjdk/23.0.2/libexec/openjdk.jdk/Contents/Home/lib"/>
    <property name="sun.java.command" value="/Users/miguelloureiro/repos/supershoppercart/backend/target/surefire/surefirebooter-20250807173102383_3.jar /Users/miguelloureiro/repos/supershoppercart/backend/target/surefire 2025-08-07T17-31-02_345-jvmRun1 surefire-20250807173102383_1tmp surefire_0-20250807173102383_2tmp"/>
    <property name="http.nonProxyHosts" value="local|*.local|169.254/16|*.169.254/16"/>
    <property name="jdk.debug" value="release"/>
    <property name="surefire.test.class.path" value="/Users/miguelloureiro/repos/supershoppercart/backend/target/test-classes:/Users/miguelloureiro/repos/supershoppercart/backend/target/classes:/Users/miguelloureiro/.m2/repository/com/h2database/h2/2.3.232/h2-2.3.232.jar:/Users/miguelloureiro/.m2/repository/org/testcontainers/testcontainers/1.21.2/testcontainers-1.21.2.jar:/Users/miguelloureiro/.m2/repository/junit/junit/4.13.2/junit-4.13.2.jar:/Users/miguelloureiro/.m2/repository/org/hamcrest/hamcrest-core/3.0/hamcrest-core-3.0.jar:/Users/miguelloureiro/.m2/repository/org/slf4j/slf4j-api/2.0.17/slf4j-api-2.0.17.jar:/Users/miguelloureiro/.m2/repository/org/apache/commons/commons-compress/1.24.0/commons-compress-1.24.0.jar:/Users/miguelloureiro/.m2/repository/org/rnorth/duct-tape/duct-tape/1.0.8/duct-tape-1.0.8.jar:/Users/miguelloureiro/.m2/repository/org/jetbrains/annotations/17.0.0/annotations-17.0.0.jar:/Users/miguelloureiro/.m2/repository/com/github/docker-java/docker-java-api/3.4.2/docker-java-api-3.4.2.jar:/Users/miguelloureiro/.m2/repository/com/fasterxml/jackson/core/jackson-annotations/2.19.1/jackson-annotations-2.19.1.jar:/Users/miguelloureiro/.m2/repository/com/github/docker-java/docker-java-transport-zerodep/3.4.2/docker-java-transport-zerodep-3.4.2.jar:/Users/miguelloureiro/.m2/repository/com/github/docker-java/docker-java-transport/3.4.2/docker-java-transport-3.4.2.jar:/Users/miguelloureiro/.m2/repository/net/java/dev/jna/jna/5.13.0/jna-5.13.0.jar:/Users/miguelloureiro/.m2/repository/org/testcontainers/junit-jupiter/1.21.2/junit-jupiter-1.21.2.jar:/Users/miguelloureiro/.m2/repository/com/google/cloud/google-cloud-firestore/3.31.9/google-cloud-firestore-3.31.9.jar:/Users/miguelloureiro/.m2/repository/com/google/cloud/google-cloud-core-grpc/2.58.1/google-cloud-core-grpc-2.58.1.jar:/Users/miguelloureiro/.m2/repository/com/google/http-client/google-http-client/1.47.1/google-http-client-1.47.1.jar:/Users/miguelloureiro/.m2/repository/org/apache/httpcomponents/httpclient/4.5.14/httpclient-4.5.14.jar:/Users/miguelloureiro/.m2/repository/org/apache/httpcomponents/httpcore/4.4.16/httpcore-4.4.16.jar:/Users/miguelloureiro/.m2/repository/io/grpc/grpc-context/1.71.0/grpc-context-1.71.0.jar:/Users/miguelloureiro/.m2/repository/io/opencensus/opencensus-contrib-http-util/0.31.1/opencensus-contrib-http-util-0.31.1.jar:/Users/miguelloureiro/.m2/repository/com/google/errorprone/error_prone_annotations/2.38.0/error_prone_annotations-2.38.0.jar:/Users/miguelloureiro/.m2/repository/com/google/api/grpc/proto-google-cloud-firestore-v1/3.31.9/proto-google-cloud-firestore-v1-3.31.9.jar:/Users/miguelloureiro/.m2/repository/com/google/cloud/proto-google-cloud-firestore-bundle-v1/3.31.9/proto-google-cloud-firestore-bundle-v1-3.31.9.jar:/Users/miguelloureiro/.m2/repository/com/google/auto/value/auto-value-annotations/1.11.0/auto-value-annotations-1.11.0.jar:/Users/miguelloureiro/.m2/repository/com/google/code/findbugs/jsr305/3.0.2/jsr305-3.0.2.jar:/Users/miguelloureiro/.m2/repository/com/google/api/api-common/2.51.1/api-common-2.51.1.jar:/Users/miguelloureiro/.m2/repository/com/google/j2objc/j2objc-annotations/3.0.0/j2objc-annotations-3.0.0.jar:/Users/miguelloureiro/.m2/repository/io/grpc/grpc-protobuf/1.71.0/grpc-protobuf-1.71.0.jar:/Users/miguelloureiro/.m2/repository/io/grpc/grpc-protobuf-lite/1.71.0/grpc-protobuf-lite-1.71.0.jar:/Users/miguelloureiro/.m2/repository/com/google/protobuf/protobuf-java/4.29.4/protobuf-java-4.29.4.jar:/Users/miguelloureiro/.m2/repository/com/google/api/grpc/proto-google-common-protos/2.59.1/proto-google-common-protos-2.59.1.jar:/Users/miguelloureiro/.m2/repository/com/google/api/gax/2.68.1/gax-2.68.1.jar:/Users/miguelloureiro/.m2/repository/io/opencensus/opencensus-api/0.31.1/opencensus-api-0.31.1.jar:/Users/miguelloureiro/.m2/repository/com/google/auth/google-auth-library-oauth2-http/1.37.1/google-auth-library-oauth2-http-1.37.1.jar:/Users/miguelloureiro/.m2/repository/io/grpc/grpc-api/1.71.0/grpc-api-1.71.0.jar:/Users/miguelloureiro/.m2/repository/com/google/api/gax-grpc/2.68.1/gax-grpc-2.68.1.jar:/Users/miguelloureiro/.m2/repository/io/grpc/grpc-inprocess/1.71.0/grpc-inprocess-1.71.0.jar:/Users/miguelloureiro/.m2/repository/io/grpc/grpc-core/1.71.0/grpc-core-1.71.0.jar:/Users/miguelloureiro/.m2/repository/io/grpc/grpc-alts/1.71.0/grpc-alts-1.71.0.jar:/Users/miguelloureiro/.m2/repository/io/grpc/grpc-grpclb/1.71.0/grpc-grpclb-1.71.0.jar:/Users/miguelloureiro/.m2/repository/org/conscrypt/conscrypt-openjdk-uber/2.5.2/conscrypt-openjdk-uber-2.5.2.jar:/Users/miguelloureiro/.m2/repository/io/grpc/grpc-auth/1.71.0/grpc-auth-1.71.0.jar:/Users/miguelloureiro/.m2/repository/io/grpc/grpc-netty-shaded/1.71.0/grpc-netty-shaded-1.71.0.jar:/Users/miguelloureiro/.m2/repository/io/grpc/grpc-util/1.71.0/grpc-util-1.71.0.jar:/Users/miguelloureiro/.m2/repository/io/perfmark/perfmark-api/0.27.0/perfmark-api-0.27.0.jar:/Users/miguelloureiro/.m2/repository/io/grpc/grpc-googleapis/1.71.0/grpc-googleapis-1.71.0.jar:/Users/miguelloureiro/.m2/repository/io/grpc/grpc-xds/1.71.0/grpc-xds-1.71.0.jar:/Users/miguelloureiro/.m2/repository/com/google/re2j/re2j/1.8/re2j-1.8.jar:/Users/miguelloureiro/.m2/repository/com/google/api/gax-httpjson/2.68.1/gax-httpjson-2.68.1.jar:/Users/miguelloureiro/.m2/repository/com/google/http-client/google-http-client-gson/1.47.1/google-http-client-gson-1.47.1.jar:/Users/miguelloureiro/.m2/repository/com/google/guava/guava/33.4.0-jre/guava-33.4.0-jre.jar:/Users/miguelloureiro/.m2/repository/com/google/guava/failureaccess/1.0.2/failureaccess-1.0.2.jar:/Users/miguelloureiro/.m2/repository/com/google/guava/listenablefuture/9999.0-empty-to-avoid-conflict-with-guava/listenablefuture-9999.0-empty-to-avoid-conflict-with-guava.jar:/Users/miguelloureiro/.m2/repository/org/checkerframework/checker-qual/3.49.0/checker-qual-3.49.0.jar:/Users/miguelloureiro/.m2/repository/org/threeten/threetenbp/1.7.0/threetenbp-1.7.0.jar:/Users/miguelloureiro/.m2/repository/io/grpc/grpc-stub/1.71.0/grpc-stub-1.71.0.jar:/Users/miguelloureiro/.m2/repository/org/codehaus/mojo/animal-sniffer-annotations/1.24/animal-sniffer-annotations-1.24.jar:/Users/miguelloureiro/.m2/repository/com/google/auth/google-auth-library-credentials/1.37.1/google-auth-library-credentials-1.37.1.jar:/Users/miguelloureiro/.m2/repository/com/google/cloud/google-cloud-core/2.58.1/google-cloud-core-2.58.1.jar:/Users/miguelloureiro/.m2/repository/com/google/api/grpc/proto-google-iam-v1/1.54.1/proto-google-iam-v1-1.54.1.jar:/Users/miguelloureiro/.m2/repository/com/google/code/gson/gson/2.13.1/gson-2.13.1.jar:/Users/miguelloureiro/.m2/repository/com/google/protobuf/protobuf-java-util/4.29.4/protobuf-java-util-4.29.4.jar:/Users/miguelloureiro/.m2/repository/io/opentelemetry/opentelemetry-api/1.49.0/opentelemetry-api-1.49.0.jar:/Users/miguelloureiro/.m2/repository/io/opentelemetry/opentelemetry-context/1.49.0/opentelemetry-context-1.49.0.jar:/Users/miguelloureiro/.m2/repository/io/opentelemetry/instrumentation/opentelemetry-grpc-1.6/2.1.0-alpha/opentelemetry-grpc-1.6-2.1.0-alpha.jar:/Users/miguelloureiro/.m2/repository/io/opentelemetry/instrumentation/opentelemetry-instrumentation-api/2.1.0/opentelemetry-instrumentation-api-2.1.0.jar:/Users/miguelloureiro/.m2/repository/io/opentelemetry/opentelemetry-extension-incubator/1.35.0-alpha/opentelemetry-extension-incubator-1.35.0-alpha.jar:/Users/miguelloureiro/.m2/repository/io/opentelemetry/semconv/opentelemetry-semconv/1.29.0-alpha/opentelemetry-semconv-1.29.0-alpha.jar:/Users/miguelloureiro/.m2/repository/io/opentelemetry/instrumentation/opentelemetry-instrumentation-api-incubator/2.1.0-alpha/opentelemetry-instrumentation-api-incubator-2.1.0-alpha.jar:/Users/miguelloureiro/.m2/repository/io/opentelemetry/opentelemetry-sdk/1.49.0/opentelemetry-sdk-1.49.0.jar:/Users/miguelloureiro/.m2/repository/io/opentelemetry/opentelemetry-sdk-common/1.49.0/opentelemetry-sdk-common-1.49.0.jar:/Users/miguelloureiro/.m2/repository/io/opentelemetry/opentelemetry-sdk-trace/1.49.0/opentelemetry-sdk-trace-1.49.0.jar:/Users/miguelloureiro/.m2/repository/io/opentelemetry/opentelemetry-sdk-logs/1.49.0/opentelemetry-sdk-logs-1.49.0.jar:/Users/miguelloureiro/.m2/repository/io/opentelemetry/opentelemetry-sdk-metrics/1.49.0/opentelemetry-sdk-metrics-1.49.0.jar:/Users/miguelloureiro/.m2/repository/com/google/cloud/opentelemetry/exporter-metrics/0.33.0/exporter-metrics-0.33.0.jar:/Users/miguelloureiro/.m2/repository/com/google/cloud/google-cloud-monitoring/3.69.0/google-cloud-monitoring-3.69.0.jar:/Users/miguelloureiro/.m2/repository/com/google/api/grpc/proto-google-cloud-monitoring-v3/3.69.0/proto-google-cloud-monitoring-v3-3.69.0.jar:/Users/miguelloureiro/.m2/repository/com/google/android/annotations/4.1.1.4/annotations-4.1.1.4.jar:/Users/miguelloureiro/.m2/repository/io/grpc/grpc-services/1.71.0/grpc-services-1.71.0.jar:/Users/miguelloureiro/.m2/repository/commons-codec/commons-codec/1.18.0/commons-codec-1.18.0.jar:/Users/miguelloureiro/.m2/repository/com/google/cloud/opentelemetry/shared-resourcemapping/0.33.0/shared-resourcemapping-0.33.0.jar:/Users/miguelloureiro/.m2/repository/javax/annotation/javax.annotation-api/1.3.2/javax.annotation-api-1.3.2.jar:/Users/miguelloureiro/.m2/repository/jakarta/validation/jakarta.validation-api/3.1.1/jakarta.validation-api-3.1.1.jar:/Users/miguelloureiro/.m2/repository/org/hibernate/validator/hibernate-validator/9.0.1.Final/hibernate-validator-9.0.1.Final.jar:/Users/miguelloureiro/.m2/repository/org/jboss/logging/jboss-logging/3.6.1.Final/jboss-logging-3.6.1.Final.jar:/Users/miguelloureiro/.m2/repository/com/fasterxml/classmate/1.7.0/classmate-1.7.0.jar:/Users/miguelloureiro/.m2/repository/org/springdoc/springdoc-openapi-starter-webmvc-ui/2.8.9/springdoc-openapi-starter-webmvc-ui-2.8.9.jar:/Users/miguelloureiro/.m2/repository/org/springdoc/springdoc-openapi-starter-webmvc-api/2.8.9/springdoc-openapi-starter-webmvc-api-2.8.9.jar:/Users/miguelloureiro/.m2/repository/org/springdoc/springdoc-openapi-starter-common/2.8.9/springdoc-openapi-starter-common-2.8.9.jar:/Users/miguelloureiro/.m2/repository/org/springframework/boot/spring-boot-starter-validation/3.5.3/spring-boot-starter-validation-3.5.3.jar:/Users/miguelloureiro/.m2/repository/io/swagger/core/v3/swagger-core-jakarta/2.2.30/swagger-core-jakarta-2.2.30.jar:/Users/miguelloureiro/.m2/repository/org/apache/commons/commons-lang3/3.17.0/commons-lang3-3.17.0.jar:/Users/miguelloureiro/.m2/repository/io/swagger/core/v3/swagger-annotations-jakarta/2.2.30/swagger-annotations-jakarta-2.2.30.jar:/Users/miguelloureiro/.m2/repository/io/swagger/core/v3/swagger-models-jakarta/2.2.30/swagger-models-jakarta-2.2.30.jar:/Users/miguelloureiro/.m2/repository/com/fasterxml/jackson/dataformat/jackson-dataformat-yaml/2.19.1/jackson-dataformat-yaml-2.19.1.jar:/Users/miguelloureiro/.m2/repository/org/webjars/swagger-ui/5.21.0/swagger-ui-5.21.0.jar:/Users/miguelloureiro/.m2/repository/org/webjars/webjars-locator-lite/1.1.0/webjars-locator-lite-1.1.0.jar:/Users/miguelloureiro/.m2/repository/org/jspecify/jspecify/1.0.0/jspecify-1.0.0.jar:/Users/miguelloureiro/.m2/repository/org/springframework/boot/spring-boot-starter-data-jpa/3.5.3/spring-boot-starter-data-jpa-3.5.3.jar:/Users/miguelloureiro/.m2/repository/org/springframework/boot/spring-boot-starter/3.5.3/spring-boot-starter-3.5.3.jar:/Users/miguelloureiro/.m2/repository/org/springframework/boot/spring-boot-starter-logging/3.5.3/spring-boot-starter-logging-3.5.3.jar:/Users/miguelloureiro/.m2/repository/ch/qos/logback/logback-classic/1.5.18/logback-classic-1.5.18.jar:/Users/miguelloureiro/.m2/repository/ch/qos/logback/logback-core/1.5.18/logback-core-1.5.18.jar:/Users/miguelloureiro/.m2/repository/org/apache/logging/log4j/log4j-to-slf4j/2.24.3/log4j-to-slf4j-2.24.3.jar:/Users/miguelloureiro/.m2/repository/org/apache/logging/log4j/log4j-api/2.24.3/log4j-api-2.24.3.jar:/Users/miguelloureiro/.m2/repository/org/slf4j/jul-to-slf4j/2.0.17/jul-to-slf4j-2.0.17.jar:/Users/miguelloureiro/.m2/repository/jakarta/annotation/jakarta.annotation-api/2.1.1/jakarta.annotation-api-2.1.1.jar:/Users/miguelloureiro/.m2/repository/org/yaml/snakeyaml/2.4/snakeyaml-2.4.jar:/Users/miguelloureiro/.m2/repository/org/springframework/boot/spring-boot-starter-jdbc/3.5.3/spring-boot-starter-jdbc-3.5.3.jar:/Users/miguelloureiro/.m2/repository/com/zaxxer/HikariCP/6.3.0/HikariCP-6.3.0.jar:/Users/miguelloureiro/.m2/repository/org/springframework/spring-jdbc/6.2.8/spring-jdbc-6.2.8.jar:/Users/miguelloureiro/.m2/repository/org/hibernate/orm/hibernate-core/6.6.18.Final/hibernate-core-6.6.18.Final.jar:/Users/miguelloureiro/.m2/repository/jakarta/persistence/jakarta.persistence-api/3.1.0/jakarta.persistence-api-3.1.0.jar:/Users/miguelloureiro/.m2/repository/jakarta/transaction/jakarta.transaction-api/2.0.1/jakarta.transaction-api-2.0.1.jar:/Users/miguelloureiro/.m2/repository/org/hibernate/common/hibernate-commons-annotations/7.0.3.Final/hibernate-commons-annotations-7.0.3.Final.jar:/Users/miguelloureiro/.m2/repository/io/smallrye/jandex/3.2.0/jandex-3.2.0.jar:/Users/miguelloureiro/.m2/repository/org/glassfish/jaxb/jaxb-runtime/4.0.5/jaxb-runtime-4.0.5.jar:/Users/miguelloureiro/.m2/repository/org/glassfish/jaxb/jaxb-core/4.0.5/jaxb-core-4.0.5.jar:/Users/miguelloureiro/.m2/repository/org/eclipse/angus/angus-activation/2.0.2/angus-activation-2.0.2.jar:/Users/miguelloureiro/.m2/repository/org/glassfish/jaxb/txw2/4.0.5/txw2-4.0.5.jar:/Users/miguelloureiro/.m2/repository/com/sun/istack/istack-commons-runtime/4.1.2/istack-commons-runtime-4.1.2.jar:/Users/miguelloureiro/.m2/repository/jakarta/inject/jakarta.inject-api/2.0.1/jakarta.inject-api-2.0.1.jar:/Users/miguelloureiro/.m2/repository/org/antlr/antlr4-runtime/4.13.0/antlr4-runtime-4.13.0.jar:/Users/miguelloureiro/.m2/repository/org/springframework/data/spring-data-jpa/3.5.1/spring-data-jpa-3.5.1.jar:/Users/miguelloureiro/.m2/repository/org/springframework/data/spring-data-commons/3.5.1/spring-data-commons-3.5.1.jar:/Users/miguelloureiro/.m2/repository/org/springframework/spring-orm/6.2.8/spring-orm-6.2.8.jar:/Users/miguelloureiro/.m2/repository/org/springframework/spring-context/6.2.8/spring-context-6.2.8.jar:/Users/miguelloureiro/.m2/repository/org/springframework/spring-tx/6.2.8/spring-tx-6.2.8.jar:/Users/miguelloureiro/.m2/repository/org/springframework/spring-beans/6.2.8/spring-beans-6.2.8.jar:/Users/miguelloureiro/.m2/repository/org/springframework/spring-aspects/6.2.8/spring-aspects-6.2.8.jar:/Users/miguelloureiro/.m2/repository/org/aspectj/aspectjweaver/1.9.24/aspectjweaver-1.9.24.jar:/Users/miguelloureiro/.m2/repository/org/springframework/boot/spring-boot-starter-security/3.5.4/spring-boot-starter-security-3.5.4.jar:/Users/miguelloureiro/.m2/repository/org/springframework/spring-aop/6.2.8/spring-aop-6.2.8.jar:/Users/miguelloureiro/.m2/repository/org/springframework/security/spring-security-config/6.5.1/spring-security-config-6.5.1.jar:/Users/miguelloureiro/.m2/repository/org/springframework/security/spring-security-web/6.5.1/spring-security-web-6.5.1.jar:/Users/miguelloureiro/.m2/repository/org/springframework/spring-expression/6.2.8/spring-expression-6.2.8.jar:/Users/miguelloureiro/.m2/repository/org/springframework/boot/spring-boot-starter-web/3.5.3/spring-boot-starter-web-3.5.3.jar:/Users/miguelloureiro/.m2/repository/org/springframework/boot/spring-boot-starter-json/3.5.3/spring-boot-starter-json-3.5.3.jar:/Users/miguelloureiro/.m2/repository/com/fasterxml/jackson/datatype/jackson-datatype-jdk8/2.19.1/jackson-datatype-jdk8-2.19.1.jar:/Users/miguelloureiro/.m2/repository/com/fasterxml/jackson/datatype/jackson-datatype-jsr310/2.19.1/jackson-datatype-jsr310-2.19.1.jar:/Users/miguelloureiro/.m2/repository/com/fasterxml/jackson/module/jackson-module-parameter-names/2.19.1/jackson-module-parameter-names-2.19.1.jar:/Users/miguelloureiro/.m2/repository/org/springframework/boot/spring-boot-starter-tomcat/3.5.3/spring-boot-starter-tomcat-3.5.3.jar:/Users/miguelloureiro/.m2/repository/org/apache/tomcat/embed/tomcat-embed-core/10.1.42/tomcat-embed-core-10.1.42.jar:/Users/miguelloureiro/.m2/repository/org/apache/tomcat/embed/tomcat-embed-el/10.1.42/tomcat-embed-el-10.1.42.jar:/Users/miguelloureiro/.m2/repository/org/apache/tomcat/embed/tomcat-embed-websocket/10.1.42/tomcat-embed-websocket-10.1.42.jar:/Users/miguelloureiro/.m2/repository/org/springframework/spring-web/6.2.8/spring-web-6.2.8.jar:/Users/miguelloureiro/.m2/repository/io/micrometer/micrometer-observation/1.15.1/micrometer-observation-1.15.1.jar:/Users/miguelloureiro/.m2/repository/io/micrometer/micrometer-commons/1.15.1/micrometer-commons-1.15.1.jar:/Users/miguelloureiro/.m2/repository/org/springframework/spring-webmvc/6.2.8/spring-webmvc-6.2.8.jar:/Users/miguelloureiro/.m2/repository/org/springframework/boot/spring-boot-devtools/3.5.3/spring-boot-devtools-3.5.3.jar:/Users/miguelloureiro/.m2/repository/org/springframework/boot/spring-boot/3.5.3/spring-boot-3.5.3.jar:/Users/miguelloureiro/.m2/repository/org/springframework/boot/spring-boot-autoconfigure/3.5.3/spring-boot-autoconfigure-3.5.3.jar:/Users/miguelloureiro/.m2/repository/org/projectlombok/lombok/1.18.32/lombok-1.18.32.jar:/Users/miguelloureiro/.m2/repository/io/jsonwebtoken/jjwt-api/0.12.6/jjwt-api-0.12.6.jar:/Users/miguelloureiro/.m2/repository/io/jsonwebtoken/jjwt-impl/0.12.6/jjwt-impl-0.12.6.jar:/Users/miguelloureiro/.m2/repository/io/jsonwebtoken/jjwt-jackson/0.12.6/jjwt-jackson-0.12.6.jar:/Users/miguelloureiro/.m2/repository/com/fasterxml/jackson/core/jackson-databind/2.19.1/jackson-databind-2.19.1.jar:/Users/miguelloureiro/.m2/repository/com/fasterxml/jackson/core/jackson-core/2.19.1/jackson-core-2.19.1.jar:/Users/miguelloureiro/.m2/repository/com/google/firebase/firebase-admin/9.5.0/firebase-admin-9.5.0.jar:/Users/miguelloureiro/.m2/repository/com/google/api-client/google-api-client/2.7.2/google-api-client-2.7.2.jar:/Users/miguelloureiro/.m2/repository/com/google/oauth-client/google-oauth-client/1.39.0/google-oauth-client-1.39.0.jar:/Users/miguelloureiro/.m2/repository/com/google/http-client/google-http-client-apache-v2/1.47.1/google-http-client-apache-v2-1.47.1.jar:/Users/miguelloureiro/.m2/repository/com/google/api-client/google-api-client-gson/2.7.2/google-api-client-gson-2.7.2.jar:/Users/miguelloureiro/.m2/repository/com/google/cloud/google-cloud-storage/2.53.3/google-cloud-storage-2.53.3.jar:/Users/miguelloureiro/.m2/repository/com/google/http-client/google-http-client-jackson2/1.47.1/google-http-client-jackson2-1.47.1.jar:/Users/miguelloureiro/.m2/repository/com/google/apis/google-api-services-storage/v1-rev20250629-2.0.0/google-api-services-storage-v1-rev20250629-2.0.0.jar:/Users/miguelloureiro/.m2/repository/com/google/cloud/google-cloud-core-http/2.58.1/google-cloud-core-http-2.58.1.jar:/Users/miguelloureiro/.m2/repository/com/google/http-client/google-http-client-appengine/1.47.1/google-http-client-appengine-1.47.1.jar:/Users/miguelloureiro/.m2/repository/com/google/api/grpc/proto-google-cloud-storage-v2/2.53.3/proto-google-cloud-storage-v2-2.53.3.jar:/Users/miguelloureiro/.m2/repository/com/google/api/grpc/grpc-google-cloud-storage-v2/2.53.3/grpc-google-cloud-storage-v2-2.53.3.jar:/Users/miguelloureiro/.m2/repository/com/google/api/grpc/gapic-google-cloud-storage-v2/2.53.3/gapic-google-cloud-storage-v2-2.53.3.jar:/Users/miguelloureiro/.m2/repository/io/grpc/grpc-opentelemetry/1.71.0/grpc-opentelemetry-1.71.0.jar:/Users/miguelloureiro/.m2/repository/io/opentelemetry/opentelemetry-sdk-extension-autoconfigure-spi/1.49.0/opentelemetry-sdk-extension-autoconfigure-spi-1.49.0.jar:/Users/miguelloureiro/.m2/repository/io/opentelemetry/contrib/opentelemetry-gcp-resources/1.37.0-alpha/opentelemetry-gcp-resources-1.37.0-alpha.jar:/Users/miguelloureiro/.m2/repository/com/google/cloud/opentelemetry/detector-resources-support/0.33.0/detector-resources-support-0.33.0.jar:/Users/miguelloureiro/.m2/repository/io/grpc/grpc-rls/1.71.0/grpc-rls-1.71.0.jar:/Users/miguelloureiro/.m2/repository/io/netty/netty-codec-http/4.1.122.Final/netty-codec-http-4.1.122.Final.jar:/Users/miguelloureiro/.m2/repository/io/netty/netty-common/4.1.122.Final/netty-common-4.1.122.Final.jar:/Users/miguelloureiro/.m2/repository/io/netty/netty-buffer/4.1.122.Final/netty-buffer-4.1.122.Final.jar:/Users/miguelloureiro/.m2/repository/io/netty/netty-codec/4.1.122.Final/netty-codec-4.1.122.Final.jar:/Users/miguelloureiro/.m2/repository/io/netty/netty-handler/4.1.122.Final/netty-handler-4.1.122.Final.jar:/Users/miguelloureiro/.m2/repository/io/netty/netty-resolver/4.1.122.Final/netty-resolver-4.1.122.Final.jar:/Users/miguelloureiro/.m2/repository/io/netty/netty-transport-native-unix-common/4.1.122.Final/netty-transport-native-unix-common-4.1.122.Final.jar:/Users/miguelloureiro/.m2/repository/io/netty/netty-transport/4.1.122.Final/netty-transport-4.1.122.Final.jar:/Users/miguelloureiro/.m2/repository/org/apache/httpcomponents/client5/httpclient5/5.5/httpclient5-5.5.jar:/Users/miguelloureiro/.m2/repository/org/apache/httpcomponents/core5/httpcore5/5.3.4/httpcore5-5.3.4.jar:/Users/miguelloureiro/.m2/repository/org/apache/httpcomponents/core5/httpcore5-h2/5.3.4/httpcore5-h2-5.3.4.jar:/Users/miguelloureiro/.m2/repository/org/springframework/boot/spring-boot-starter-test/3.5.3/spring-boot-starter-test-3.5.3.jar:/Users/miguelloureiro/.m2/repository/org/springframework/boot/spring-boot-test/3.5.3/spring-boot-test-3.5.3.jar:/Users/miguelloureiro/.m2/repository/org/springframework/boot/spring-boot-test-autoconfigure/3.5.3/spring-boot-test-autoconfigure-3.5.3.jar:/Users/miguelloureiro/.m2/repository/com/jayway/jsonpath/json-path/2.9.0/json-path-2.9.0.jar:/Users/miguelloureiro/.m2/repository/jakarta/xml/bind/jakarta.xml.bind-api/4.0.2/jakarta.xml.bind-api-4.0.2.jar:/Users/miguelloureiro/.m2/repository/jakarta/activation/jakarta.activation-api/2.1.3/jakarta.activation-api-2.1.3.jar:/Users/miguelloureiro/.m2/repository/net/minidev/json-smart/2.5.2/json-smart-2.5.2.jar:/Users/miguelloureiro/.m2/repository/net/minidev/accessors-smart/2.5.2/accessors-smart-2.5.2.jar:/Users/miguelloureiro/.m2/repository/org/ow2/asm/asm/9.7.1/asm-9.7.1.jar:/Users/miguelloureiro/.m2/repository/org/assertj/assertj-core/3.27.3/assertj-core-3.27.3.jar:/Users/miguelloureiro/.m2/repository/org/awaitility/awaitility/4.2.2/awaitility-4.2.2.jar:/Users/miguelloureiro/.m2/repository/org/hamcrest/hamcrest/3.0/hamcrest-3.0.jar:/Users/miguelloureiro/.m2/repository/org/junit/jupiter/junit-jupiter/5.12.2/junit-jupiter-5.12.2.jar:/Users/miguelloureiro/.m2/repository/org/junit/jupiter/junit-jupiter-api/5.12.2/junit-jupiter-api-5.12.2.jar:/Users/miguelloureiro/.m2/repository/org/opentest4j/opentest4j/1.3.0/opentest4j-1.3.0.jar:/Users/miguelloureiro/.m2/repository/org/junit/platform/junit-platform-commons/1.12.2/junit-platform-commons-1.12.2.jar:/Users/miguelloureiro/.m2/repository/org/apiguardian/apiguardian-api/1.1.2/apiguardian-api-1.1.2.jar:/Users/miguelloureiro/.m2/repository/org/junit/jupiter/junit-jupiter-params/5.12.2/junit-jupiter-params-5.12.2.jar:/Users/miguelloureiro/.m2/repository/org/junit/jupiter/junit-jupiter-engine/5.12.2/junit-jupiter-engine-5.12.2.jar:/Users/miguelloureiro/.m2/repository/org/junit/platform/junit-platform-engine/1.12.2/junit-platform-engine-1.12.2.jar:/Users/miguelloureiro/.m2/repository/org/mockito/mockito-junit-jupiter/5.17.0/mockito-junit-jupiter-5.17.0.jar:/Users/miguelloureiro/.m2/repository/org/skyscreamer/jsonassert/1.5.3/jsonassert-1.5.3.jar:/Users/miguelloureiro/.m2/repository/com/vaadin/external/google/android-json/0.0.20131108.vaadin1/android-json-0.0.20131108.vaadin1.jar:/Users/miguelloureiro/.m2/repository/org/springframework/spring-core/6.2.8/spring-core-6.2.8.jar:/Users/miguelloureiro/.m2/repository/org/springframework/spring-jcl/6.2.8/spring-jcl-6.2.8.jar:/Users/miguelloureiro/.m2/repository/org/springframework/spring-test/6.2.8/spring-test-6.2.8.jar:/Users/miguelloureiro/.m2/repository/org/xmlunit/xmlunit-core/2.10.2/xmlunit-core-2.10.2.jar:/Users/miguelloureiro/.m2/repository/org/springframework/security/spring-security-test/6.5.1/spring-security-test-6.5.1.jar:/Users/miguelloureiro/.m2/repository/org/springframework/security/spring-security-core/6.5.1/spring-security-core-6.5.1.jar:/Users/miguelloureiro/.m2/repository/org/springframework/security/spring-security-crypto/6.5.1/spring-security-crypto-6.5.1.jar:/Users/miguelloureiro/.m2/repository/org/mockito/mockito-core/5.17.0/mockito-core-5.17.0.jar:/Users/miguelloureiro/.m2/repository/net/bytebuddy/byte-buddy/1.17.6/byte-buddy-1.17.6.jar:/Users/miguelloureiro/.m2/repository/net/bytebuddy/byte-buddy-agent/1.17.6/byte-buddy-agent-1.17.6.jar:/Users/miguelloureiro/.m2/repository/org/objenesis/objenesis/3.3/objenesis-3.3.jar:"/>
    <property name="sun.cpu.endian" value="little"/>
    <property name="user.home" value="/Users/miguelloureiro"/>
    <property name="user.language" value="en"/>
    <property name="java.specification.vendor" value="Oracle Corporation"/>
    <property name="java.version.date" value="2025-01-21"/>
    <property name="java.home" value="/opt/homebrew/Cellar/openjdk/23.0.2/libexec/openjdk.jdk/Contents/Home"/>
    <property name="file.separator" value="/"/>
    <property name="basedir" value="/Users/miguelloureiro/repos/supershoppercart/backend"/>
    <property name="java.vm.compressedOopsMode" value="Zero based"/>
    <property name="line.separator" value="&#10;"/>
    <property name="java.vm.specification.vendor" value="Oracle Corporation"/>
    <property name="java.specification.name" value="Java Platform API Specification"/>
    <property name="FILE_LOG_CHARSET" value="UTF-8"/>
    <property name="java.awt.headless" value="true"/>
    <property name="apple.awt.application.name" value="ForkedBooter"/>
    <property name="surefire.real.class.path" value="/Users/miguelloureiro/repos/supershoppercart/backend/target/surefire/surefirebooter-20250807173102383_3.jar"/>
    <property name="sun.management.compiler" value="HotSpot 64-Bit Tiered Compilers"/>
    <property name="ftp.nonProxyHosts" value="local|*.local|169.254/16|*.169.254/16"/>
    <property name="java.runtime.version" value="23.0.2"/>
    <property name="user.name" value="miguelloureiro"/>
    <property name="stdout.encoding" value="UTF-8"/>
    <property name="path.separator" value=":"/>
    <property name="os.version" value="15.5"/>
    <property name="java.runtime.name" value="OpenJDK Runtime Environment"/>
    <property name="file.encoding" value="UTF-8"/>
    <property name="java.vm.name" value="OpenJDK 64-Bit Server VM"/>
    <property name="java.vendor.version" value="Homebrew"/>
    <property name="localRepository" value="/Users/miguelloureiro/.m2/repository"/>
    <property name="java.vendor.url.bug" value="https://github.com/Homebrew/homebrew-core/issues"/>
    <property name="java.io.tmpdir" value="/var/folders/sq/q7js1dg929n00p0np41nd2kw0000gn/T/"/>
    <property name="com.zaxxer.hikari.pool_number" value="3"/>
    <property name="java.version" value="23.0.2"/>
    <property name="user.dir" value="/Users/miguelloureiro/repos/supershoppercart/backend"/>
    <property name="os.arch" value="aarch64"/>
    <property name="java.vm.specification.name" value="Java Virtual Machine Specification"/>
    <property name="PID" value="22520"/>
    <property name="CONSOLE_LOG_CHARSET" value="UTF-8"/>
    <property name="native.encoding" value="UTF-8"/>
    <property name="GCLOUD_PROJECT" value="demo-supershopcart-test"/>
    <property name="java.library.path" value="/Users/miguelloureiro/Library/Java/Extensions:/Library/Java/Extensions:/Network/Library/Java/Extensions:/System/Library/Java/Extensions:/usr/lib/java:."/>
    <property name="java.vm.info" value="mixed mode, sharing"/>
    <property name="stderr.encoding" value="UTF-8"/>
    <property name="java.vendor" value="Homebrew"/>
    <property name="java.vm.version" value="23.0.2"/>
    <property name="sun.io.unicode.encoding" value="UnicodeBig"/>
    <property name="socksNonProxyHosts" value="local|*.local|169.254/16|*.169.254/16"/>
    <property name="java.class.version" value="67.0"/>
    <property name="LOGGED_APPLICATION_NAME" value="[supershopcart] "/>
  </properties>
  <testcase name="testExtractShopperIdFromEmptyToken" classname="com.supershopcart.services.JwtTokenServiceTest" time="0.002">
    <system-out><![CDATA[2025-08-07T17:31:10.350+01:00  INFO 22520 --- [supershopcart] [           main] t.c.s.AnnotationConfigContextLoaderUtils : Could not detect default configuration classes for test class [com.supershopcart.services.JwtTokenServiceTest]: JwtTokenServiceTest does not declare any static, non-private, non-final, nested classes annotated with @Configuration.
2025-08-07T17:31:10.355+01:00  INFO 22520 --- [supershopcart] [           main] .b.t.c.SpringBootTestContextBootstrapper : Found @SpringBootConfiguration com.supershopcart.SuperShopperCartApplication for test class com.supershopcart.services.JwtTokenServiceTest
2025-08-07T17:31:10.357+01:00  INFO 22520 --- [supershopcart] [           main] o.s.b.d.r.RestartApplicationListener     : Restart disabled due to context in which it is running

  .   ____          _            __ _ _
 /\\ / ___'_ __ _ _(_)_ __  __ _ \ \ \ \
( ( )\___ | '_ | '_| | '_ \/ _` | \ \ \ \
 \\/  ___)| |_)| | | | | || (_| |  ) ) ) )
  '  |____| .__|_| |_|_| |_\__, | / / / /
 =========|_|==============|___/=/_/_/_/

 :: Spring Boot ::                (v3.5.3)

2025-08-07T17:31:10.365+01:00  INFO 22520 --- [supershopcart] [           main] c.s.services.JwtTokenServiceTest         : Starting JwtTokenServiceTest using Java 23.0.2 with PID 22520 (started by miguelloureiro in /Users/miguelloureiro/repos/supershoppercart/backend)
2025-08-07T17:31:10.366+01:00  INFO 22520 --- [supershopcart] [           main] c.s.services.JwtTokenServiceTest         : No active profile set, falling back to 1 default profile: "default"
2025-08-07T17:31:10.453+01:00  INFO 22520 --- [supershopcart] [           main] .s.d.r.c.RepositoryConfigurationDelegate : Bootstrapping Spring Data JPA repositories in DEFAULT mode.
2025-08-07T17:31:10.456+01:00  INFO 22520 --- [supershopcart] [           main] .s.d.r.c.RepositoryConfigurationDelegate : Finished Spring Data repository scanning in 3 ms. Found 0 JPA repository interfaces.
2025-08-07T17:31:10.494+01:00  INFO 22520 --- [supershopcart] [           main] com.zaxxer.hikari.HikariDataSource       : HikariPool-3 - Starting...
2025-08-07T17:31:10.496+01:00  INFO 22520 --- [supershopcart] [           main] com.zaxxer.hikari.pool.HikariPool        : HikariPool-3 - Added connection conn20: url=jdbc:h2:mem:c57bc922-2712-4960-893a-98bf8e3aa2a8 user=SA
2025-08-07T17:31:10.496+01:00  INFO 22520 --- [supershopcart] [           main] com.zaxxer.hikari.HikariDataSource       : HikariPool-3 - Start completed.
2025-08-07T17:31:10.497+01:00  INFO 22520 --- [supershopcart] [           main] o.hibernate.jpa.internal.util.LogHelper  : HHH000204: Processing PersistenceUnitInfo [name: default]
2025-08-07T17:31:10.498+01:00  INFO 22520 --- [supershopcart] [           main] o.h.c.internal.RegionFactoryInitiator    : HHH000026: Second-level cache disabled
2025-08-07T17:31:10.501+01:00  INFO 22520 --- [supershopcart] [           main] o.s.o.j.p.SpringPersistenceUnitInfo      : No LoadTimeWeaver setup: ignoring JPA class transformer
2025-08-07T17:31:10.502+01:00  INFO 22520 --- [supershopcart] [           main] org.hibernate.orm.connections.pooling    : HHH10001005: Database info:
	Database JDBC URL [Connecting through datasource 'HikariDataSource (HikariPool-3)']
	Database driver: undefined/unknown
	Database version: 2.3.232
	Autocommit mode: undefined/unknown
	Isolation level: undefined/unknown
	Minimum pool size: undefined/unknown
	Maximum pool size: undefined/unknown
2025-08-07T17:31:10.509+01:00  INFO 22520 --- [supershopcart] [           main] o.h.e.t.j.p.i.JtaPlatformInitiator       : HHH000489: No JTA platform available (set 'hibernate.transaction.jta.platform' to enable JTA platform integration)
2025-08-07T17:31:10.509+01:00  INFO 22520 --- [supershopcart] [           main] j.LocalContainerEntityManagerFactoryBean : Initialized JPA EntityManagerFactory for persistence unit 'default'
2025-08-07T17:31:10.511+01:00  INFO 22520 --- [supershopcart] [           main] c.supershopcart.config.FirebaseConfig    : 🚀 Configuring Firestore for PRODUCTION profile...
2025-08-07T17:31:10.511+01:00  WARN 22520 --- [supershopcart] [           main] c.supershopcart.config.FirebaseConfig    : FIREBASE_SERVICE_ACCOUNT_B64 not found. Falling back to service account file path: 'classpath:firebase-service-account-prod.json'
2025-08-07T17:31:10.519+01:00  INFO 22520 --- [supershopcart] [           main] c.supershopcart.config.FirebaseConfig    : FirebaseApp already initialized for production.
2025-08-07T17:31:10.780+01:00  INFO 22520 --- [supershopcart] [           main] c.supershopcart.config.FirebaseConfig    : ✅ Firestore client initialized for PRODUCTION. Host: 'firestore.googleapis.com:443', Project ID: 'supershoppercart'
2025-08-07T17:31:10.782+01:00  INFO 22520 --- [supershopcart] [           main] c.s.services.JwtTokenService             : === JWT Service Initialization Debug ===
2025-08-07T17:31:10.782+01:00  INFO 22520 --- [supershopcart] [           main] c.s.services.JwtTokenService             : Secret key string: [PRESENT]
2025-08-07T17:31:10.782+01:00  INFO 22520 --- [supershopcart] [           main] c.s.services.JwtTokenService             : Secret key length: 61
2025-08-07T17:31:10.782+01:00  INFO 22520 --- [supershopcart] [           main] c.s.services.JwtTokenService             : Access token expiration: 3600000
2025-08-07T17:31:10.782+01:00  INFO 22520 --- [supershopcart] [           main] c.s.services.JwtTokenService             : Refresh token expiration: 2592000000
2025-08-07T17:31:10.782+01:00  INFO 22520 --- [supershopcart] [           main] c.s.services.JwtTokenService             : Original key bytes length: 61
2025-08-07T17:31:10.782+01:00  INFO 22520 --- [supershopcart] [           main] c.s.services.JwtTokenService             : JWT secret key initialized successfully!
2025-08-07T17:31:10.784+01:00  INFO 22520 --- [supershopcart] [           main] c.s.security.GoogleTokenVerifier         : GoogleTokenVerifier initialized with client ID: 688070817045-gp18jj8mdl6eg4vdu08budfed5h8e97n.apps.googleusercontent.com
2025-08-07T17:31:10.802+01:00  WARN 22520 --- [supershopcart] [           main] JpaBaseConfiguration$JpaWebConfiguration : spring.jpa.open-in-view is enabled by default. Therefore, database queries may be performed during view rendering. Explicitly configure spring.jpa.open-in-view to disable this warning
2025-08-07T17:31:10.833+01:00  WARN 22520 --- [supershopcart] [           main] .s.s.UserDetailsServiceAutoConfiguration : 

Using generated security password: 559c0577-21d6-4207-9995-f23c3bbbb026

This generated password is for development use only. Your security configuration must be updated before running your application in production.

2025-08-07T17:31:10.833+01:00  INFO 22520 --- [supershopcart] [           main] r$InitializeUserDetailsManagerConfigurer : Global AuthenticationManager configured with UserDetailsService bean with name inMemoryUserDetailsManager
2025-08-07T17:31:10.881+01:00  INFO 22520 --- [supershopcart] [           main] c.s.services.JwtTokenServiceTest         : Started JwtTokenServiceTest in 0.524 seconds (process running for 8.447)
]]></system-out>
  </testcase>
  <testcase name="testInitializeSecretKey" classname="com.supershopcart.services.JwtTokenServiceTest" time="0.068"/>
  <testcase name="testIsTokenValidReturnsFalseForNullParameters" classname="com.supershopcart.services.JwtTokenServiceTest" time="0.001"/>
  <testcase name="testGetExpirationDateForInvalidToken" classname="com.supershopcart.services.JwtTokenServiceTest" time="0.014"/>
  <testcase name="testExtractShopperIdFromNullToken" classname="com.supershopcart.services.JwtTokenServiceTest" time="0.002"/>
  <testcase name="testExtractAllClaimsFromValidToken" classname="com.supershopcart.services.JwtTokenServiceTest" time="0.012"/>
  <testcase name="testGenerateRefreshTokenForShopper" classname="com.supershopcart.services.JwtTokenServiceTest" time="0.002"/>
  <testcase name="testGetIssuedDate" classname="com.supershopcart.services.JwtTokenServiceTest" time="0.002"/>
  <testcase name="testGetIssuedDateForNullToken" classname="com.supershopcart.services.JwtTokenServiceTest" time="0.002"/>
  <testcase name="testExtractShopperIdFromValidToken" classname="com.supershopcart.services.JwtTokenServiceTest" time="0.002"/>
  <testcase name="testGetRefreshTokenExpiration" classname="com.supershopcart.services.JwtTokenServiceTest" time="0.002"/>
  <testcase name="testIsTokenExpiredReturnsTrueForInvalidToken" classname="com.supershopcart.services.JwtTokenServiceTest" time="0.001"/>
  <testcase name="testGenerateAccessTokenWithCustomClaims" classname="com.supershopcart.services.JwtTokenServiceTest" time="0.003"/>
  <testcase name="testExtractShopperIdFromInvalidToken" classname="com.supershopcart.services.JwtTokenServiceTest" time="0.002"/>
  <testcase name="testIsTokenValidForSpecificShopper" classname="com.supershopcart.services.JwtTokenServiceTest" time="0.002"/>
  <testcase name="testGenerateAccessTokenThrowsExceptionForNullShopperId" classname="com.supershopcart.services.JwtTokenServiceTest" time="0.001"/>
  <testcase name="testIsTokenExpiredReturnsTrueForNullToken" classname="com.supershopcart.services.JwtTokenServiceTest" time="0.002"/>
  <testcase name="testGetIssuedDateForInvalidToken" classname="com.supershopcart.services.JwtTokenServiceTest" time="0.001"/>
  <testcase name="testGenerateRefreshTokenForShopperId" classname="com.supershopcart.services.JwtTokenServiceTest" time="0.002"/>
  <testcase name="testIsTokenExpiredReturnsTrueForExpiredToken" classname="com.supershopcart.services.JwtTokenServiceTest" time="0.016">
    <system-out><![CDATA[2025-08-07T17:31:11.010+01:00  INFO 22520 --- [supershopcart] [           main] c.s.services.JwtTokenService             : === JWT Service Initialization Debug ===
2025-08-07T17:31:11.010+01:00  INFO 22520 --- [supershopcart] [           main] c.s.services.JwtTokenService             : Secret key string: [PRESENT]
2025-08-07T17:31:11.010+01:00  INFO 22520 --- [supershopcart] [           main] c.s.services.JwtTokenService             : Secret key length: 61
2025-08-07T17:31:11.010+01:00  INFO 22520 --- [supershopcart] [           main] c.s.services.JwtTokenService             : Access token expiration: 1
2025-08-07T17:31:11.010+01:00  INFO 22520 --- [supershopcart] [           main] c.s.services.JwtTokenService             : Refresh token expiration: 2592000000
2025-08-07T17:31:11.010+01:00  INFO 22520 --- [supershopcart] [           main] c.s.services.JwtTokenService             : Original key bytes length: 61
2025-08-07T17:31:11.010+01:00  INFO 22520 --- [supershopcart] [           main] c.s.services.JwtTokenService             : JWT secret key initialized successfully!
]]></system-out>
  </testcase>
  <testcase name="testGenerateRefreshTokenThrowsExceptionForNullShopperId" classname="com.supershopcart.services.JwtTokenServiceTest" time="0.001"/>
  <testcase name="testShortSecretKeyPadding" classname="com.supershopcart.services.JwtTokenServiceTest" time="0.002">
    <system-out><![CDATA[2025-08-07T17:31:11.027+01:00  INFO 22520 --- [supershopcart] [           main] c.s.services.JwtTokenService             : === JWT Service Initialization Debug ===
2025-08-07T17:31:11.028+01:00  INFO 22520 --- [supershopcart] [           main] c.s.services.JwtTokenService             : Secret key string: [PRESENT]
2025-08-07T17:31:11.028+01:00  INFO 22520 --- [supershopcart] [           main] c.s.services.JwtTokenService             : Secret key length: 5
2025-08-07T17:31:11.028+01:00  INFO 22520 --- [supershopcart] [           main] c.s.services.JwtTokenService             : Access token expiration: 3600000
2025-08-07T17:31:11.028+01:00  INFO 22520 --- [supershopcart] [           main] c.s.services.JwtTokenService             : Refresh token expiration: 2592000000
2025-08-07T17:31:11.028+01:00  INFO 22520 --- [supershopcart] [           main] c.s.services.JwtTokenService             : Original key bytes length: 5
2025-08-07T17:31:11.028+01:00  WARN 22520 --- [supershopcart] [           main] c.s.services.JwtTokenService             : JWT secret key is shorter than 32 bytes (256 bits). Padding it to meet HS256 requirements.
2025-08-07T17:31:11.028+01:00  INFO 22520 --- [supershopcart] [           main] c.s.services.JwtTokenService             : Padded key bytes length: 32
2025-08-07T17:31:11.028+01:00  INFO 22520 --- [supershopcart] [           main] c.s.services.JwtTokenService             : JWT secret key initialized successfully!
]]></system-out>
  </testcase>
  <testcase name="testGenerateAccessTokenForShopper" classname="com.supershopcart.services.JwtTokenServiceTest" time="0.002"/>
  <testcase name="testInitializeSecretKeyThrowsExceptionForNullSecret" classname="com.supershopcart.services.JwtTokenServiceTest" time="0.002">
    <system-out><![CDATA[2025-08-07T17:31:11.032+01:00  INFO 22520 --- [supershopcart] [           main] c.s.services.JwtTokenService             : === JWT Service Initialization Debug ===
2025-08-07T17:31:11.032+01:00  INFO 22520 --- [supershopcart] [           main] c.s.services.JwtTokenService             : Secret key string: [NULL]
2025-08-07T17:31:11.032+01:00  INFO 22520 --- [supershopcart] [           main] c.s.services.JwtTokenService             : Secret key length: 0
2025-08-07T17:31:11.032+01:00  INFO 22520 --- [supershopcart] [           main] c.s.services.JwtTokenService             : Access token expiration: 3600000
2025-08-07T17:31:11.032+01:00  INFO 22520 --- [supershopcart] [           main] c.s.services.JwtTokenService             : Refresh token expiration: 2592000000
2025-08-07T17:31:11.032+01:00 ERROR 22520 --- [supershopcart] [           main] c.s.services.JwtTokenService             : FAILED to initialize JWT secret key

java.lang.IllegalStateException: JWT secret is null - check your application.properties
	at com.supershopcart.services.JwtTokenService.initializeSecretKey(JwtTokenService.java:46) ~[classes/:na]
	at java.base/jdk.internal.reflect.DirectMethodHandleAccessor.invoke(DirectMethodHandleAccessor.java:103) ~[na:na]
	at java.base/java.lang.reflect.Method.invoke(Method.java:580) ~[na:na]
	at org.springframework.util.MethodInvoker.invoke(MethodInvoker.java:283) ~[spring-core-6.2.8.jar:6.2.8]
	at org.springframework.test.util.ReflectionTestUtils.invokeMethod(ReflectionTestUtils.java:524) ~[spring-test-6.2.8.jar:6.2.8]
	at org.springframework.test.util.ReflectionTestUtils.invokeMethod(ReflectionTestUtils.java:443) ~[spring-test-6.2.8.jar:6.2.8]
	at com.supershopcart.services.JwtTokenServiceTest.lambda$testInitializeSecretKeyThrowsExceptionForNullSecret$1(JwtTokenServiceTest.java:58) ~[test-classes/:na]
	at org.junit.jupiter.api.AssertThrows.assertThrows(AssertThrows.java:53) ~[junit-jupiter-api-5.12.2.jar:5.12.2]
	at org.junit.jupiter.api.AssertThrows.assertThrows(AssertThrows.java:35) ~[junit-jupiter-api-5.12.2.jar:5.12.2]
	at org.junit.jupiter.api.Assertions.assertThrows(Assertions.java:3128) ~[junit-jupiter-api-5.12.2.jar:5.12.2]
	at com.supershopcart.services.JwtTokenServiceTest.testInitializeSecretKeyThrowsExceptionForNullSecret(JwtTokenServiceTest.java:57) ~[test-classes/:na]
	at java.base/jdk.internal.reflect.DirectMethodHandleAccessor.invoke(DirectMethodHandleAccessor.java:103) ~[na:na]
	at java.base/java.lang.reflect.Method.invoke(Method.java:580) ~[na:na]
	at org.junit.platform.commons.util.ReflectionUtils.invokeMethod(ReflectionUtils.java:775) ~[junit-platform-commons-1.12.2.jar:1.12.2]
	at org.junit.platform.commons.support.ReflectionSupport.invokeMethod(ReflectionSupport.java:479) ~[junit-platform-commons-1.12.2.jar:1.12.2]
	at org.junit.jupiter.engine.execution.MethodInvocation.proceed(MethodInvocation.java:60) ~[junit-jupiter-engine-5.12.2.jar:5.12.2]
	at org.junit.jupiter.engine.execution.InvocationInterceptorChain$ValidatingInvocation.proceed(InvocationInterceptorChain.java:131) ~[junit-jupiter-engine-5.12.2.jar:5.12.2]
	at org.junit.jupiter.engine.extension.TimeoutExtension.intercept(TimeoutExtension.java:161) ~[junit-jupiter-engine-5.12.2.jar:5.12.2]
	at org.junit.jupiter.engine.extension.TimeoutExtension.interceptTestableMethod(TimeoutExtension.java:152) ~[junit-jupiter-engine-5.12.2.jar:5.12.2]
	at org.junit.jupiter.engine.extension.TimeoutExtension.interceptTestMethod(TimeoutExtension.java:91) ~[junit-jupiter-engine-5.12.2.jar:5.12.2]
	at org.junit.jupiter.engine.execution.InterceptingExecutableInvoker$ReflectiveInterceptorCall.lambda$ofVoidMethod$0(InterceptingExecutableInvoker.java:112) ~[junit-jupiter-engine-5.12.2.jar:5.12.2]
	at org.junit.jupiter.engine.execution.InterceptingExecutableInvoker.lambda$invoke$0(InterceptingExecutableInvoker.java:94) ~[junit-jupiter-engine-5.12.2.jar:5.12.2]
	at org.junit.jupiter.engine.execution.InvocationInterceptorChain$InterceptedInvocation.proceed(InvocationInterceptorChain.java:106) ~[junit-jupiter-engine-5.12.2.jar:5.12.2]
	at org.junit.jupiter.engine.execution.InvocationInterceptorChain.proceed(InvocationInterceptorChain.java:64) ~[junit-jupiter-engine-5.12.2.jar:5.12.2]
	at org.junit.jupiter.engine.execution.InvocationInterceptorChain.chainAndInvoke(InvocationInterceptorChain.java:45) ~[junit-jupiter-engine-5.12.2.jar:5.12.2]
	at org.junit.jupiter.engine.execution.InvocationInterceptorChain.invoke(InvocationInterceptorChain.java:37) ~[junit-jupiter-engine-5.12.2.jar:5.12.2]
	at org.junit.jupiter.engine.execution.InterceptingExecutableInvoker.invoke(InterceptingExecutableInvoker.java:93) ~[junit-jupiter-engine-5.12.2.jar:5.12.2]
	at org.junit.jupiter.engine.execution.InterceptingExecutableInvoker.invoke(InterceptingExecutableInvoker.java:87) ~[junit-jupiter-engine-5.12.2.jar:5.12.2]
	at org.junit.jupiter.engine.descriptor.TestMethodTestDescriptor.lambda$invokeTestMethod$7(TestMethodTestDescriptor.java:216) ~[junit-jupiter-engine-5.12.2.jar:5.12.2]
	at org.junit.platform.engine.support.hierarchical.ThrowableCollector.execute(ThrowableCollector.java:73) ~[junit-platform-engine-1.12.2.jar:1.12.2]
	at org.junit.jupiter.engine.descriptor.TestMethodTestDescriptor.invokeTestMethod(TestMethodTestDescriptor.java:212) ~[junit-jupiter-engine-5.12.2.jar:5.12.2]
	at org.junit.jupiter.engine.descriptor.TestMethodTestDescriptor.execute(TestMethodTestDescriptor.java:137) ~[junit-jupiter-engine-5.12.2.jar:5.12.2]
	at org.junit.jupiter.engine.descriptor.TestMethodTestDescriptor.execute(TestMethodTestDescriptor.java:69) ~[junit-jupiter-engine-5.12.2.jar:5.12.2]
	at org.junit.platform.engine.support.hierarchical.NodeTestTask.lambda$executeRecursively$6(NodeTestTask.java:156) ~[junit-platform-engine-1.12.2.jar:1.12.2]
	at org.junit.platform.engine.support.hierarchical.ThrowableCollector.execute(ThrowableCollector.java:73) ~[junit-platform-engine-1.12.2.jar:1.12.2]
	at org.junit.platform.engine.support.hierarchical.NodeTestTask.lambda$executeRecursively$8(NodeTestTask.java:146) ~[junit-platform-engine-1.12.2.jar:1.12.2]
	at org.junit.platform.engine.support.hierarchical.Node.around(Node.java:137) ~[junit-platform-engine-1.12.2.jar:1.12.2]
	at org.junit.platform.engine.support.hierarchical.NodeTestTask.lambda$executeRecursively$9(NodeTestTask.java:144) ~[junit-platform-engine-1.12.2.jar:1.12.2]
	at org.junit.platform.engine.support.hierarchical.ThrowableCollector.execute(ThrowableCollector.java:73) ~[junit-platform-engine-1.12.2.jar:1.12.2]
	at org.junit.platform.engine.support.hierarchical.NodeTestTask.executeRecursively(NodeTestTask.java:143) ~[junit-platform-engine-1.12.2.jar:1.12.2]
	at org.junit.platform.engine.support.hierarchical.NodeTestTask.execute(NodeTestTask.java:100) ~[junit-platform-engine-1.12.2.jar:1.12.2]
	at java.base/java.util.ArrayList.forEach(ArrayList.java:1597) ~[na:na]
	at org.junit.platform.engine.support.hierarchical.SameThreadHierarchicalTestExecutorService.invokeAll(SameThreadHierarchicalTestExecutorService.java:41) ~[junit-platform-engine-1.12.2.jar:1.12.2]
	at org.junit.platform.engine.support.hierarchical.NodeTestTask.lambda$executeRecursively$6(NodeTestTask.java:160) ~[junit-platform-engine-1.12.2.jar:1.12.2]
	at org.junit.platform.engine.support.hierarchical.ThrowableCollector.execute(ThrowableCollector.java:73) ~[junit-platform-engine-1.12.2.jar:1.12.2]
	at org.junit.platform.engine.support.hierarchical.NodeTestTask.lambda$executeRecursively$8(NodeTestTask.java:146) ~[junit-platform-engine-1.12.2.jar:1.12.2]
	at org.junit.platform.engine.support.hierarchical.Node.around(Node.java:137) ~[junit-platform-engine-1.12.2.jar:1.12.2]
	at org.junit.platform.engine.support.hierarchical.NodeTestTask.lambda$executeRecursively$9(NodeTestTask.java:144) ~[junit-platform-engine-1.12.2.jar:1.12.2]
	at org.junit.platform.engine.support.hierarchical.ThrowableCollector.execute(ThrowableCollector.java:73) ~[junit-platform-engine-1.12.2.jar:1.12.2]
	at org.junit.platform.engine.support.hierarchical.NodeTestTask.executeRecursively(NodeTestTask.java:143) ~[junit-platform-engine-1.12.2.jar:1.12.2]
	at org.junit.platform.engine.support.hierarchical.NodeTestTask.execute(NodeTestTask.java:100) ~[junit-platform-engine-1.12.2.jar:1.12.2]
	at java.base/java.util.ArrayList.forEach(ArrayList.java:1597) ~[na:na]
	at org.junit.platform.engine.support.hierarchical.SameThreadHierarchicalTestExecutorService.invokeAll(SameThreadHierarchicalTestExecutorService.java:41) ~[junit-platform-engine-1.12.2.jar:1.12.2]
	at org.junit.platform.engine.support.hierarchical.NodeTestTask.lambda$executeRecursively$6(NodeTestTask.java:160) ~[junit-platform-engine-1.12.2.jar:1.12.2]
	at org.junit.platform.engine.support.hierarchical.ThrowableCollector.execute(ThrowableCollector.java:73) ~[junit-platform-engine-1.12.2.jar:1.12.2]
	at org.junit.platform.engine.support.hierarchical.NodeTestTask.lambda$executeRecursively$8(NodeTestTask.java:146) ~[junit-platform-engine-1.12.2.jar:1.12.2]
	at org.junit.platform.engine.support.hierarchical.Node.around(Node.java:137) ~[junit-platform-engine-1.12.2.jar:1.12.2]
	at org.junit.platform.engine.support.hierarchical.NodeTestTask.lambda$executeRecursively$9(NodeTestTask.java:144) ~[junit-platform-engine-1.12.2.jar:1.12.2]
	at org.junit.platform.engine.support.hierarchical.ThrowableCollector.execute(ThrowableCollector.java:73) ~[junit-platform-engine-1.12.2.jar:1.12.2]
	at org.junit.platform.engine.support.hierarchical.NodeTestTask.executeRecursively(NodeTestTask.java:143) ~[junit-platform-engine-1.12.2.jar:1.12.2]
	at org.junit.platform.engine.support.hierarchical.NodeTestTask.execute(NodeTestTask.java:100) ~[junit-platform-engine-1.12.2.jar:1.12.2]
	at org.junit.platform.engine.support.hierarchical.SameThreadHierarchicalTestExecutorService.submit(SameThreadHierarchicalTestExecutorService.java:35) ~[junit-platform-engine-1.12.2.jar:1.12.2]
	at org.junit.platform.engine.support.hierarchical.HierarchicalTestExecutor.execute(HierarchicalTestExecutor.java:57) ~[junit-platform-engine-1.12.2.jar:1.12.2]
	at org.junit.platform.engine.support.hierarchical.HierarchicalTestEngine.execute(HierarchicalTestEngine.java:54) ~[junit-platform-engine-1.12.2.jar:1.12.2]
	at org.junit.platform.launcher.core.EngineExecutionOrchestrator.execute(EngineExecutionOrchestrator.java:201) ~[junit-platform-launcher-1.12.2.jar:1.12.2]
	at org.junit.platform.launcher.core.EngineExecutionOrchestrator.execute(EngineExecutionOrchestrator.java:170) ~[junit-platform-launcher-1.12.2.jar:1.12.2]
	at org.junit.platform.launcher.core.EngineExecutionOrchestrator.execute(EngineExecutionOrchestrator.java:94) ~[junit-platform-launcher-1.12.2.jar:1.12.2]
	at org.junit.platform.launcher.core.EngineExecutionOrchestrator.lambda$execute$0(EngineExecutionOrchestrator.java:59) ~[junit-platform-launcher-1.12.2.jar:1.12.2]
	at org.junit.platform.launcher.core.EngineExecutionOrchestrator.withInterceptedStreams(EngineExecutionOrchestrator.java:142) ~[junit-platform-launcher-1.12.2.jar:1.12.2]
	at org.junit.platform.launcher.core.EngineExecutionOrchestrator.execute(EngineExecutionOrchestrator.java:58) ~[junit-platform-launcher-1.12.2.jar:1.12.2]
	at org.junit.platform.launcher.core.DefaultLauncher.execute(DefaultLauncher.java:103) ~[junit-platform-launcher-1.12.2.jar:1.12.2]
	at org.junit.platform.launcher.core.DefaultLauncher.execute(DefaultLauncher.java:85) ~[junit-platform-launcher-1.12.2.jar:1.12.2]
	at org.junit.platform.launcher.core.DelegatingLauncher.execute(DelegatingLauncher.java:47) ~[junit-platform-launcher-1.12.2.jar:1.12.2]
	at org.junit.platform.launcher.core.InterceptingLauncher.lambda$execute$1(InterceptingLauncher.java:39) ~[junit-platform-launcher-1.12.2.jar:1.12.2]
	at org.junit.platform.launcher.core.ClasspathAlignmentCheckingLauncherInterceptor.intercept(ClasspathAlignmentCheckingLauncherInterceptor.java:25) ~[junit-platform-launcher-1.12.2.jar:1.12.2]
	at org.junit.platform.launcher.core.InterceptingLauncher.execute(InterceptingLauncher.java:38) ~[junit-platform-launcher-1.12.2.jar:1.12.2]
	at org.junit.platform.launcher.core.DelegatingLauncher.execute(DelegatingLauncher.java:47) ~[junit-platform-launcher-1.12.2.jar:1.12.2]
	at org.apache.maven.surefire.junitplatform.LazyLauncher.execute(LazyLauncher.java:56) ~[surefire-junit-platform-3.5.3.jar:3.5.3]
	at org.apache.maven.surefire.junitplatform.JUnitPlatformProvider.execute(JUnitPlatformProvider.java:194) ~[surefire-junit-platform-3.5.3.jar:3.5.3]
	at org.apache.maven.surefire.junitplatform.JUnitPlatformProvider.invokeAllTests(JUnitPlatformProvider.java:150) ~[surefire-junit-platform-3.5.3.jar:3.5.3]
	at org.apache.maven.surefire.junitplatform.JUnitPlatformProvider.invoke(JUnitPlatformProvider.java:124) ~[surefire-junit-platform-3.5.3.jar:3.5.3]
	at org.apache.maven.surefire.booter.ForkedBooter.runSuitesInProcess(ForkedBooter.java:385) ~[surefire-booter-3.5.3.jar:3.5.3]
	at org.apache.maven.surefire.booter.ForkedBooter.execute(ForkedBooter.java:162) ~[surefire-booter-3.5.3.jar:3.5.3]
	at org.apache.maven.surefire.booter.ForkedBooter.run(ForkedBooter.java:507) ~[surefire-booter-3.5.3.jar:3.5.3]
	at org.apache.maven.surefire.booter.ForkedBooter.main(ForkedBooter.java:495) ~[surefire-booter-3.5.3.jar:3.5.3]

2025-08-07T17:31:11.033+01:00 ERROR 22520 --- [supershopcart] [           main] c.s.services.JwtTokenService             : Exception type: IllegalStateException
2025-08-07T17:31:11.033+01:00 ERROR 22520 --- [supershopcart] [           main] c.s.services.JwtTokenService             : Exception message: JWT secret is null - check your application.properties
]]></system-out>
  </testcase>
  <testcase name="testExtractAllClaimsFromNullToken" classname="com.supershopcart.services.JwtTokenServiceTest" time="0.001"/>
  <testcase name="testGenerateTokenPair" classname="com.supershopcart.services.JwtTokenServiceTest" time="0.003"/>
  <testcase name="testGetExpirationDate" classname="com.supershopcart.services.JwtTokenServiceTest" time="0.002"/>
  <testcase name="testIsTokenValidReturnsFalseForEmptyTokenWithoutShopperId" classname="com.supershopcart.services.JwtTokenServiceTest" time="0.002"/>
  <testcase name="testGetExpirationDateForEmptyToken" classname="com.supershopcart.services.JwtTokenServiceTest" time="0.001"/>
  <testcase name="testExtractAllClaimsFromInvalidToken" classname="com.supershopcart.services.JwtTokenServiceTest" time="0.001"/>
  <testcase name="testTokenGenerationRuntimeException" classname="com.supershopcart.services.JwtTokenServiceTest" time="0.002">
    <system-out><![CDATA[2025-08-07T17:31:11.046+01:00  INFO 22520 --- [supershopcart] [           main] c.s.services.JwtTokenService             : === JWT Service Initialization Debug ===
2025-08-07T17:31:11.047+01:00  INFO 22520 --- [supershopcart] [           main] c.s.services.JwtTokenService             : Secret key string: [PRESENT]
2025-08-07T17:31:11.047+01:00  INFO 22520 --- [supershopcart] [           main] c.s.services.JwtTokenService             : Secret key length: 62
2025-08-07T17:31:11.047+01:00  INFO 22520 --- [supershopcart] [           main] c.s.services.JwtTokenService             : Access token expiration: 3600000
2025-08-07T17:31:11.047+01:00  INFO 22520 --- [supershopcart] [           main] c.s.services.JwtTokenService             : Refresh token expiration: 2592000000
2025-08-07T17:31:11.047+01:00  INFO 22520 --- [supershopcart] [           main] c.s.services.JwtTokenService             : Original key bytes length: 62
2025-08-07T17:31:11.047+01:00  INFO 22520 --- [supershopcart] [           main] c.s.services.JwtTokenService             : JWT secret key initialized successfully!
2025-08-07T17:31:11.047+01:00 ERROR 22520 --- [supershopcart] [           main] c.s.services.JwtTokenService             : Failed to generate access token for shopper: test-shopper-123

java.lang.IllegalArgumentException: Key argument cannot be null.
	at io.jsonwebtoken.lang.Assert.notNull(Assert.java:94) ~[jjwt-api-0.12.6.jar:0.12.6]
	at io.jsonwebtoken.impl.DefaultJwtBuilder.signWith(DefaultJwtBuilder.java:215) ~[jjwt-impl-0.12.6.jar:0.12.6]
	at com.supershopcart.services.JwtTokenService.generateAccessToken(JwtTokenService.java:115) ~[classes/:na]
	at com.supershopcart.services.JwtTokenService.generateAccessToken(JwtTokenService.java:92) ~[classes/:na]
	at com.supershopcart.services.JwtTokenServiceTest.lambda$testTokenGenerationRuntimeException$7(JwtTokenServiceTest.java:551) ~[test-classes/:na]
	at org.junit.jupiter.api.AssertThrows.assertThrows(AssertThrows.java:53) ~[junit-jupiter-api-5.12.2.jar:5.12.2]
	at org.junit.jupiter.api.AssertThrows.assertThrows(AssertThrows.java:35) ~[junit-jupiter-api-5.12.2.jar:5.12.2]
	at org.junit.jupiter.api.Assertions.assertThrows(Assertions.java:3128) ~[junit-jupiter-api-5.12.2.jar:5.12.2]
	at com.supershopcart.services.JwtTokenServiceTest.testTokenGenerationRuntimeException(JwtTokenServiceTest.java:550) ~[test-classes/:na]
	at java.base/jdk.internal.reflect.DirectMethodHandleAccessor.invoke(DirectMethodHandleAccessor.java:103) ~[na:na]
	at java.base/java.lang.reflect.Method.invoke(Method.java:580) ~[na:na]
	at org.junit.platform.commons.util.ReflectionUtils.invokeMethod(ReflectionUtils.java:775) ~[junit-platform-commons-1.12.2.jar:1.12.2]
	at org.junit.platform.commons.support.ReflectionSupport.invokeMethod(ReflectionSupport.java:479) ~[junit-platform-commons-1.12.2.jar:1.12.2]
	at org.junit.jupiter.engine.execution.MethodInvocation.proceed(MethodInvocation.java:60) ~[junit-jupiter-engine-5.12.2.jar:5.12.2]
	at org.junit.jupiter.engine.execution.InvocationInterceptorChain$ValidatingInvocation.proceed(InvocationInterceptorChain.java:131) ~[junit-jupiter-engine-5.12.2.jar:5.12.2]
	at org.junit.jupiter.engine.extension.TimeoutExtension.intercept(TimeoutExtension.java:161) ~[junit-jupiter-engine-5.12.2.jar:5.12.2]
	at org.junit.jupiter.engine.extension.TimeoutExtension.interceptTestableMethod(TimeoutExtension.java:152) ~[junit-jupiter-engine-5.12.2.jar:5.12.2]
	at org.junit.jupiter.engine.extension.TimeoutExtension.interceptTestMethod(TimeoutExtension.java:91) ~[junit-jupiter-engine-5.12.2.jar:5.12.2]
	at org.junit.jupiter.engine.execution.InterceptingExecutableInvoker$ReflectiveInterceptorCall.lambda$ofVoidMethod$0(InterceptingExecutableInvoker.java:112) ~[junit-jupiter-engine-5.12.2.jar:5.12.2]
	at org.junit.jupiter.engine.execution.InterceptingExecutableInvoker.lambda$invoke$0(InterceptingExecutableInvoker.java:94) ~[junit-jupiter-engine-5.12.2.jar:5.12.2]
	at org.junit.jupiter.engine.execution.InvocationInterceptorChain$InterceptedInvocation.proceed(InvocationInterceptorChain.java:106) ~[junit-jupiter-engine-5.12.2.jar:5.12.2]
	at org.junit.jupiter.engine.execution.InvocationInterceptorChain.proceed(InvocationInterceptorChain.java:64) ~[junit-jupiter-engine-5.12.2.jar:5.12.2]
	at org.junit.jupiter.engine.execution.InvocationInterceptorChain.chainAndInvoke(InvocationInterceptorChain.java:45) ~[junit-jupiter-engine-5.12.2.jar:5.12.2]
	at org.junit.jupiter.engine.execution.InvocationInterceptorChain.invoke(InvocationInterceptorChain.java:37) ~[junit-jupiter-engine-5.12.2.jar:5.12.2]
	at org.junit.jupiter.engine.execution.InterceptingExecutableInvoker.invoke(InterceptingExecutableInvoker.java:93) ~[junit-jupiter-engine-5.12.2.jar:5.12.2]
	at org.junit.jupiter.engine.execution.InterceptingExecutableInvoker.invoke(InterceptingExecutableInvoker.java:87) ~[junit-jupiter-engine-5.12.2.jar:5.12.2]
	at org.junit.jupiter.engine.descriptor.TestMethodTestDescriptor.lambda$invokeTestMethod$7(TestMethodTestDescriptor.java:216) ~[junit-jupiter-engine-5.12.2.jar:5.12.2]
	at org.junit.platform.engine.support.hierarchical.ThrowableCollector.execute(ThrowableCollector.java:73) ~[junit-platform-engine-1.12.2.jar:1.12.2]
	at org.junit.jupiter.engine.descriptor.TestMethodTestDescriptor.invokeTestMethod(TestMethodTestDescriptor.java:212) ~[junit-jupiter-engine-5.12.2.jar:5.12.2]
	at org.junit.jupiter.engine.descriptor.TestMethodTestDescriptor.execute(TestMethodTestDescriptor.java:137) ~[junit-jupiter-engine-5.12.2.jar:5.12.2]
	at org.junit.jupiter.engine.descriptor.TestMethodTestDescriptor.execute(TestMethodTestDescriptor.java:69) ~[junit-jupiter-engine-5.12.2.jar:5.12.2]
	at org.junit.platform.engine.support.hierarchical.NodeTestTask.lambda$executeRecursively$6(NodeTestTask.java:156) ~[junit-platform-engine-1.12.2.jar:1.12.2]
	at org.junit.platform.engine.support.hierarchical.ThrowableCollector.execute(ThrowableCollector.java:73) ~[junit-platform-engine-1.12.2.jar:1.12.2]
	at org.junit.platform.engine.support.hierarchical.NodeTestTask.lambda$executeRecursively$8(NodeTestTask.java:146) ~[junit-platform-engine-1.12.2.jar:1.12.2]
	at org.junit.platform.engine.support.hierarchical.Node.around(Node.java:137) ~[junit-platform-engine-1.12.2.jar:1.12.2]
	at org.junit.platform.engine.support.hierarchical.NodeTestTask.lambda$executeRecursively$9(NodeTestTask.java:144) ~[junit-platform-engine-1.12.2.jar:1.12.2]
	at org.junit.platform.engine.support.hierarchical.ThrowableCollector.execute(ThrowableCollector.java:73) ~[junit-platform-engine-1.12.2.jar:1.12.2]
	at org.junit.platform.engine.support.hierarchical.NodeTestTask.executeRecursively(NodeTestTask.java:143) ~[junit-platform-engine-1.12.2.jar:1.12.2]
	at org.junit.platform.engine.support.hierarchical.NodeTestTask.execute(NodeTestTask.java:100) ~[junit-platform-engine-1.12.2.jar:1.12.2]
	at java.base/java.util.ArrayList.forEach(ArrayList.java:1597) ~[na:na]
	at org.junit.platform.engine.support.hierarchical.SameThreadHierarchicalTestExecutorService.invokeAll(SameThreadHierarchicalTestExecutorService.java:41) ~[junit-platform-engine-1.12.2.jar:1.12.2]
	at org.junit.platform.engine.support.hierarchical.NodeTestTask.lambda$executeRecursively$6(NodeTestTask.java:160) ~[junit-platform-engine-1.12.2.jar:1.12.2]
	at org.junit.platform.engine.support.hierarchical.ThrowableCollector.execute(ThrowableCollector.java:73) ~[junit-platform-engine-1.12.2.jar:1.12.2]
	at org.junit.platform.engine.support.hierarchical.NodeTestTask.lambda$executeRecursively$8(NodeTestTask.java:146) ~[junit-platform-engine-1.12.2.jar:1.12.2]
	at org.junit.platform.engine.support.hierarchical.Node.around(Node.java:137) ~[junit-platform-engine-1.12.2.jar:1.12.2]
	at org.junit.platform.engine.support.hierarchical.NodeTestTask.lambda$executeRecursively$9(NodeTestTask.java:144) ~[junit-platform-engine-1.12.2.jar:1.12.2]
	at org.junit.platform.engine.support.hierarchical.ThrowableCollector.execute(ThrowableCollector.java:73) ~[junit-platform-engine-1.12.2.jar:1.12.2]
	at org.junit.platform.engine.support.hierarchical.NodeTestTask.executeRecursively(NodeTestTask.java:143) ~[junit-platform-engine-1.12.2.jar:1.12.2]
	at org.junit.platform.engine.support.hierarchical.NodeTestTask.execute(NodeTestTask.java:100) ~[junit-platform-engine-1.12.2.jar:1.12.2]
	at java.base/java.util.ArrayList.forEach(ArrayList.java:1597) ~[na:na]
	at org.junit.platform.engine.support.hierarchical.SameThreadHierarchicalTestExecutorService.invokeAll(SameThreadHierarchicalTestExecutorService.java:41) ~[junit-platform-engine-1.12.2.jar:1.12.2]
	at org.junit.platform.engine.support.hierarchical.NodeTestTask.lambda$executeRecursively$6(NodeTestTask.java:160) ~[junit-platform-engine-1.12.2.jar:1.12.2]
	at org.junit.platform.engine.support.hierarchical.ThrowableCollector.execute(ThrowableCollector.java:73) ~[junit-platform-engine-1.12.2.jar:1.12.2]
	at org.junit.platform.engine.support.hierarchical.NodeTestTask.lambda$executeRecursively$8(NodeTestTask.java:146) ~[junit-platform-engine-1.12.2.jar:1.12.2]
	at org.junit.platform.engine.support.hierarchical.Node.around(Node.java:137) ~[junit-platform-engine-1.12.2.jar:1.12.2]
	at org.junit.platform.engine.support.hierarchical.NodeTestTask.lambda$executeRecursively$9(NodeTestTask.java:144) ~[junit-platform-engine-1.12.2.jar:1.12.2]
	at org.junit.platform.engine.support.hierarchical.ThrowableCollector.execute(ThrowableCollector.java:73) ~[junit-platform-engine-1.12.2.jar:1.12.2]
	at org.junit.platform.engine.support.hierarchical.NodeTestTask.executeRecursively(NodeTestTask.java:143) ~[junit-platform-engine-1.12.2.jar:1.12.2]
	at org.junit.platform.engine.support.hierarchical.NodeTestTask.execute(NodeTestTask.java:100) ~[junit-platform-engine-1.12.2.jar:1.12.2]
	at org.junit.platform.engine.support.hierarchical.SameThreadHierarchicalTestExecutorService.submit(SameThreadHierarchicalTestExecutorService.java:35) ~[junit-platform-engine-1.12.2.jar:1.12.2]
	at org.junit.platform.engine.support.hierarchical.HierarchicalTestExecutor.execute(HierarchicalTestExecutor.java:57) ~[junit-platform-engine-1.12.2.jar:1.12.2]
	at org.junit.platform.engine.support.hierarchical.HierarchicalTestEngine.execute(HierarchicalTestEngine.java:54) ~[junit-platform-engine-1.12.2.jar:1.12.2]
	at org.junit.platform.launcher.core.EngineExecutionOrchestrator.execute(EngineExecutionOrchestrator.java:201) ~[junit-platform-launcher-1.12.2.jar:1.12.2]
	at org.junit.platform.launcher.core.EngineExecutionOrchestrator.execute(EngineExecutionOrchestrator.java:170) ~[junit-platform-launcher-1.12.2.jar:1.12.2]
	at org.junit.platform.launcher.core.EngineExecutionOrchestrator.execute(EngineExecutionOrchestrator.java:94) ~[junit-platform-launcher-1.12.2.jar:1.12.2]
	at org.junit.platform.launcher.core.EngineExecutionOrchestrator.lambda$execute$0(EngineExecutionOrchestrator.java:59) ~[junit-platform-launcher-1.12.2.jar:1.12.2]
	at org.junit.platform.launcher.core.EngineExecutionOrchestrator.withInterceptedStreams(EngineExecutionOrchestrator.java:142) ~[junit-platform-launcher-1.12.2.jar:1.12.2]
	at org.junit.platform.launcher.core.EngineExecutionOrchestrator.execute(EngineExecutionOrchestrator.java:58) ~[junit-platform-launcher-1.12.2.jar:1.12.2]
	at org.junit.platform.launcher.core.DefaultLauncher.execute(DefaultLauncher.java:103) ~[junit-platform-launcher-1.12.2.jar:1.12.2]
	at org.junit.platform.launcher.core.DefaultLauncher.execute(DefaultLauncher.java:85) ~[junit-platform-launcher-1.12.2.jar:1.12.2]
	at org.junit.platform.launcher.core.DelegatingLauncher.execute(DelegatingLauncher.java:47) ~[junit-platform-launcher-1.12.2.jar:1.12.2]
	at org.junit.platform.launcher.core.InterceptingLauncher.lambda$execute$1(InterceptingLauncher.java:39) ~[junit-platform-launcher-1.12.2.jar:1.12.2]
	at org.junit.platform.launcher.core.ClasspathAlignmentCheckingLauncherInterceptor.intercept(ClasspathAlignmentCheckingLauncherInterceptor.java:25) ~[junit-platform-launcher-1.12.2.jar:1.12.2]
	at org.junit.platform.launcher.core.InterceptingLauncher.execute(InterceptingLauncher.java:38) ~[junit-platform-launcher-1.12.2.jar:1.12.2]
	at org.junit.platform.launcher.core.DelegatingLauncher.execute(DelegatingLauncher.java:47) ~[junit-platform-launcher-1.12.2.jar:1.12.2]
	at org.apache.maven.surefire.junitplatform.LazyLauncher.execute(LazyLauncher.java:56) ~[surefire-junit-platform-3.5.3.jar:3.5.3]
	at org.apache.maven.surefire.junitplatform.JUnitPlatformProvider.execute(JUnitPlatformProvider.java:194) ~[surefire-junit-platform-3.5.3.jar:3.5.3]
	at org.apache.maven.surefire.junitplatform.JUnitPlatformProvider.invokeAllTests(JUnitPlatformProvider.java:150) ~[surefire-junit-platform-3.5.3.jar:3.5.3]
	at org.apache.maven.surefire.junitplatform.JUnitPlatformProvider.invoke(JUnitPlatformProvider.java:124) ~[surefire-junit-platform-3.5.3.jar:3.5.3]
	at org.apache.maven.surefire.booter.ForkedBooter.runSuitesInProcess(ForkedBooter.java:385) ~[surefire-booter-3.5.3.jar:3.5.3]
	at org.apache.maven.surefire.booter.ForkedBooter.execute(ForkedBooter.java:162) ~[surefire-booter-3.5.3.jar:3.5.3]
	at org.apache.maven.surefire.booter.ForkedBooter.run(ForkedBooter.java:507) ~[surefire-booter-3.5.3.jar:3.5.3]
	at org.apache.maven.surefire.booter.ForkedBooter.main(ForkedBooter.java:495) ~[surefire-booter-3.5.3.jar:3.5.3]

]]></system-out>
  </testcase>
  <testcase name="testExtractAllClaimsFromEmptyToken" classname="com.supershopcart.services.JwtTokenServiceTest" time="0.002"/>
  <testcase name="testGenerateAccessTokenThrowsExceptionForEmptyShopperId" classname="com.supershopcart.services.JwtTokenServiceTest" time="0.002"/>
  <testcase name="testIsTokenValidWithoutShopperId" classname="com.supershopcart.services.JwtTokenServiceTest" time="0.002"/>
  <testcase name="testIsTokenValidReturnsFalseForInvalidToken" classname="com.supershopcart.services.JwtTokenServiceTest" time="0.001"/>
  <testcase name="testGetIssuedDateForEmptyToken" classname="com.supershopcart.services.JwtTokenServiceTest" time="0.001"/>
  <testcase name="testInitializeSecretKeyThrowsExceptionForEmptySecret" classname="com.supershopcart.services.JwtTokenServiceTest" time="0.002">
    <system-out><![CDATA[2025-08-07T17:31:11.058+01:00  INFO 22520 --- [supershopcart] [           main] c.s.services.JwtTokenService             : === JWT Service Initialization Debug ===
2025-08-07T17:31:11.058+01:00  INFO 22520 --- [supershopcart] [           main] c.s.services.JwtTokenService             : Secret key string: [PRESENT]
2025-08-07T17:31:11.058+01:00  INFO 22520 --- [supershopcart] [           main] c.s.services.JwtTokenService             : Secret key length: 4
2025-08-07T17:31:11.058+01:00  INFO 22520 --- [supershopcart] [           main] c.s.services.JwtTokenService             : Access token expiration: 3600000
2025-08-07T17:31:11.058+01:00  INFO 22520 --- [supershopcart] [           main] c.s.services.JwtTokenService             : Refresh token expiration: 2592000000
2025-08-07T17:31:11.058+01:00 ERROR 22520 --- [supershopcart] [           main] c.s.services.JwtTokenService             : FAILED to initialize JWT secret key

java.lang.IllegalStateException: JWT secret is empty - check your application.properties
	at com.supershopcart.services.JwtTokenService.initializeSecretKey(JwtTokenService.java:50) ~[classes/:na]
	at java.base/jdk.internal.reflect.DirectMethodHandleAccessor.invoke(DirectMethodHandleAccessor.java:103) ~[na:na]
	at java.base/java.lang.reflect.Method.invoke(Method.java:580) ~[na:na]
	at org.springframework.util.MethodInvoker.invoke(MethodInvoker.java:283) ~[spring-core-6.2.8.jar:6.2.8]
	at org.springframework.test.util.ReflectionTestUtils.invokeMethod(ReflectionTestUtils.java:524) ~[spring-test-6.2.8.jar:6.2.8]
	at org.springframework.test.util.ReflectionTestUtils.invokeMethod(ReflectionTestUtils.java:443) ~[spring-test-6.2.8.jar:6.2.8]
	at com.supershopcart.services.JwtTokenServiceTest.lambda$testInitializeSecretKeyThrowsExceptionForEmptySecret$2(JwtTokenServiceTest.java:75) ~[test-classes/:na]
	at org.junit.jupiter.api.AssertThrows.assertThrows(AssertThrows.java:53) ~[junit-jupiter-api-5.12.2.jar:5.12.2]
	at org.junit.jupiter.api.AssertThrows.assertThrows(AssertThrows.java:35) ~[junit-jupiter-api-5.12.2.jar:5.12.2]
	at org.junit.jupiter.api.Assertions.assertThrows(Assertions.java:3128) ~[junit-jupiter-api-5.12.2.jar:5.12.2]
	at com.supershopcart.services.JwtTokenServiceTest.testInitializeSecretKeyThrowsExceptionForEmptySecret(JwtTokenServiceTest.java:74) ~[test-classes/:na]
	at java.base/jdk.internal.reflect.DirectMethodHandleAccessor.invoke(DirectMethodHandleAccessor.java:103) ~[na:na]
	at java.base/java.lang.reflect.Method.invoke(Method.java:580) ~[na:na]
	at org.junit.platform.commons.util.ReflectionUtils.invokeMethod(ReflectionUtils.java:775) ~[junit-platform-commons-1.12.2.jar:1.12.2]
	at org.junit.platform.commons.support.ReflectionSupport.invokeMethod(ReflectionSupport.java:479) ~[junit-platform-commons-1.12.2.jar:1.12.2]
	at org.junit.jupiter.engine.execution.MethodInvocation.proceed(MethodInvocation.java:60) ~[junit-jupiter-engine-5.12.2.jar:5.12.2]
	at org.junit.jupiter.engine.execution.InvocationInterceptorChain$ValidatingInvocation.proceed(InvocationInterceptorChain.java:131) ~[junit-jupiter-engine-5.12.2.jar:5.12.2]
	at org.junit.jupiter.engine.extension.TimeoutExtension.intercept(TimeoutExtension.java:161) ~[junit-jupiter-engine-5.12.2.jar:5.12.2]
	at org.junit.jupiter.engine.extension.TimeoutExtension.interceptTestableMethod(TimeoutExtension.java:152) ~[junit-jupiter-engine-5.12.2.jar:5.12.2]
	at org.junit.jupiter.engine.extension.TimeoutExtension.interceptTestMethod(TimeoutExtension.java:91) ~[junit-jupiter-engine-5.12.2.jar:5.12.2]
	at org.junit.jupiter.engine.execution.InterceptingExecutableInvoker$ReflectiveInterceptorCall.lambda$ofVoidMethod$0(InterceptingExecutableInvoker.java:112) ~[junit-jupiter-engine-5.12.2.jar:5.12.2]
	at org.junit.jupiter.engine.execution.InterceptingExecutableInvoker.lambda$invoke$0(InterceptingExecutableInvoker.java:94) ~[junit-jupiter-engine-5.12.2.jar:5.12.2]
	at org.junit.jupiter.engine.execution.InvocationInterceptorChain$InterceptedInvocation.proceed(InvocationInterceptorChain.java:106) ~[junit-jupiter-engine-5.12.2.jar:5.12.2]
	at org.junit.jupiter.engine.execution.InvocationInterceptorChain.proceed(InvocationInterceptorChain.java:64) ~[junit-jupiter-engine-5.12.2.jar:5.12.2]
	at org.junit.jupiter.engine.execution.InvocationInterceptorChain.chainAndInvoke(InvocationInterceptorChain.java:45) ~[junit-jupiter-engine-5.12.2.jar:5.12.2]
	at org.junit.jupiter.engine.execution.InvocationInterceptorChain.invoke(InvocationInterceptorChain.java:37) ~[junit-jupiter-engine-5.12.2.jar:5.12.2]
	at org.junit.jupiter.engine.execution.InterceptingExecutableInvoker.invoke(InterceptingExecutableInvoker.java:93) ~[junit-jupiter-engine-5.12.2.jar:5.12.2]
	at org.junit.jupiter.engine.execution.InterceptingExecutableInvoker.invoke(InterceptingExecutableInvoker.java:87) ~[junit-jupiter-engine-5.12.2.jar:5.12.2]
	at org.junit.jupiter.engine.descriptor.TestMethodTestDescriptor.lambda$invokeTestMethod$7(TestMethodTestDescriptor.java:216) ~[junit-jupiter-engine-5.12.2.jar:5.12.2]
	at org.junit.platform.engine.support.hierarchical.ThrowableCollector.execute(ThrowableCollector.java:73) ~[junit-platform-engine-1.12.2.jar:1.12.2]
	at org.junit.jupiter.engine.descriptor.TestMethodTestDescriptor.invokeTestMethod(TestMethodTestDescriptor.java:212) ~[junit-jupiter-engine-5.12.2.jar:5.12.2]
	at org.junit.jupiter.engine.descriptor.TestMethodTestDescriptor.execute(TestMethodTestDescriptor.java:137) ~[junit-jupiter-engine-5.12.2.jar:5.12.2]
	at org.junit.jupiter.engine.descriptor.TestMethodTestDescriptor.execute(TestMethodTestDescriptor.java:69) ~[junit-jupiter-engine-5.12.2.jar:5.12.2]
	at org.junit.platform.engine.support.hierarchical.NodeTestTask.lambda$executeRecursively$6(NodeTestTask.java:156) ~[junit-platform-engine-1.12.2.jar:1.12.2]
	at org.junit.platform.engine.support.hierarchical.ThrowableCollector.execute(ThrowableCollector.java:73) ~[junit-platform-engine-1.12.2.jar:1.12.2]
	at org.junit.platform.engine.support.hierarchical.NodeTestTask.lambda$executeRecursively$8(NodeTestTask.java:146) ~[junit-platform-engine-1.12.2.jar:1.12.2]
	at org.junit.platform.engine.support.hierarchical.Node.around(Node.java:137) ~[junit-platform-engine-1.12.2.jar:1.12.2]
	at org.junit.platform.engine.support.hierarchical.NodeTestTask.lambda$executeRecursively$9(NodeTestTask.java:144) ~[junit-platform-engine-1.12.2.jar:1.12.2]
	at org.junit.platform.engine.support.hierarchical.ThrowableCollector.execute(ThrowableCollector.java:73) ~[junit-platform-engine-1.12.2.jar:1.12.2]
	at org.junit.platform.engine.support.hierarchical.NodeTestTask.executeRecursively(NodeTestTask.java:143) ~[junit-platform-engine-1.12.2.jar:1.12.2]
	at org.junit.platform.engine.support.hierarchical.NodeTestTask.execute(NodeTestTask.java:100) ~[junit-platform-engine-1.12.2.jar:1.12.2]
	at java.base/java.util.ArrayList.forEach(ArrayList.java:1597) ~[na:na]
	at org.junit.platform.engine.support.hierarchical.SameThreadHierarchicalTestExecutorService.invokeAll(SameThreadHierarchicalTestExecutorService.java:41) ~[junit-platform-engine-1.12.2.jar:1.12.2]
	at org.junit.platform.engine.support.hierarchical.NodeTestTask.lambda$executeRecursively$6(NodeTestTask.java:160) ~[junit-platform-engine-1.12.2.jar:1.12.2]
	at org.junit.platform.engine.support.hierarchical.ThrowableCollector.execute(ThrowableCollector.java:73) ~[junit-platform-engine-1.12.2.jar:1.12.2]
	at org.junit.platform.engine.support.hierarchical.NodeTestTask.lambda$executeRecursively$8(NodeTestTask.java:146) ~[junit-platform-engine-1.12.2.jar:1.12.2]
	at org.junit.platform.engine.support.hierarchical.Node.around(Node.java:137) ~[junit-platform-engine-1.12.2.jar:1.12.2]
	at org.junit.platform.engine.support.hierarchical.NodeTestTask.lambda$executeRecursively$9(NodeTestTask.java:144) ~[junit-platform-engine-1.12.2.jar:1.12.2]
	at org.junit.platform.engine.support.hierarchical.ThrowableCollector.execute(ThrowableCollector.java:73) ~[junit-platform-engine-1.12.2.jar:1.12.2]
	at org.junit.platform.engine.support.hierarchical.NodeTestTask.executeRecursively(NodeTestTask.java:143) ~[junit-platform-engine-1.12.2.jar:1.12.2]
	at org.junit.platform.engine.support.hierarchical.NodeTestTask.execute(NodeTestTask.java:100) ~[junit-platform-engine-1.12.2.jar:1.12.2]
	at java.base/java.util.ArrayList.forEach(ArrayList.java:1597) ~[na:na]
	at org.junit.platform.engine.support.hierarchical.SameThreadHierarchicalTestExecutorService.invokeAll(SameThreadHierarchicalTestExecutorService.java:41) ~[junit-platform-engine-1.12.2.jar:1.12.2]
	at org.junit.platform.engine.support.hierarchical.NodeTestTask.lambda$executeRecursively$6(NodeTestTask.java:160) ~[junit-platform-engine-1.12.2.jar:1.12.2]
	at org.junit.platform.engine.support.hierarchical.ThrowableCollector.execute(ThrowableCollector.java:73) ~[junit-platform-engine-1.12.2.jar:1.12.2]
	at org.junit.platform.engine.support.hierarchical.NodeTestTask.lambda$executeRecursively$8(NodeTestTask.java:146) ~[junit-platform-engine-1.12.2.jar:1.12.2]
	at org.junit.platform.engine.support.hierarchical.Node.around(Node.java:137) ~[junit-platform-engine-1.12.2.jar:1.12.2]
	at org.junit.platform.engine.support.hierarchical.NodeTestTask.lambda$executeRecursively$9(NodeTestTask.java:144) ~[junit-platform-engine-1.12.2.jar:1.12.2]
	at org.junit.platform.engine.support.hierarchical.ThrowableCollector.execute(ThrowableCollector.java:73) ~[junit-platform-engine-1.12.2.jar:1.12.2]
	at org.junit.platform.engine.support.hierarchical.NodeTestTask.executeRecursively(NodeTestTask.java:143) ~[junit-platform-engine-1.12.2.jar:1.12.2]
	at org.junit.platform.engine.support.hierarchical.NodeTestTask.execute(NodeTestTask.java:100) ~[junit-platform-engine-1.12.2.jar:1.12.2]
	at org.junit.platform.engine.support.hierarchical.SameThreadHierarchicalTestExecutorService.submit(SameThreadHierarchicalTestExecutorService.java:35) ~[junit-platform-engine-1.12.2.jar:1.12.2]
	at org.junit.platform.engine.support.hierarchical.HierarchicalTestExecutor.execute(HierarchicalTestExecutor.java:57) ~[junit-platform-engine-1.12.2.jar:1.12.2]
	at org.junit.platform.engine.support.hierarchical.HierarchicalTestEngine.execute(HierarchicalTestEngine.java:54) ~[junit-platform-engine-1.12.2.jar:1.12.2]
	at org.junit.platform.launcher.core.EngineExecutionOrchestrator.execute(EngineExecutionOrchestrator.java:201) ~[junit-platform-launcher-1.12.2.jar:1.12.2]
	at org.junit.platform.launcher.core.EngineExecutionOrchestrator.execute(EngineExecutionOrchestrator.java:170) ~[junit-platform-launcher-1.12.2.jar:1.12.2]
	at org.junit.platform.launcher.core.EngineExecutionOrchestrator.execute(EngineExecutionOrchestrator.java:94) ~[junit-platform-launcher-1.12.2.jar:1.12.2]
	at org.junit.platform.launcher.core.EngineExecutionOrchestrator.lambda$execute$0(EngineExecutionOrchestrator.java:59) ~[junit-platform-launcher-1.12.2.jar:1.12.2]
	at org.junit.platform.launcher.core.EngineExecutionOrchestrator.withInterceptedStreams(EngineExecutionOrchestrator.java:142) ~[junit-platform-launcher-1.12.2.jar:1.12.2]
	at org.junit.platform.launcher.core.EngineExecutionOrchestrator.execute(EngineExecutionOrchestrator.java:58) ~[junit-platform-launcher-1.12.2.jar:1.12.2]
	at org.junit.platform.launcher.core.DefaultLauncher.execute(DefaultLauncher.java:103) ~[junit-platform-launcher-1.12.2.jar:1.12.2]
	at org.junit.platform.launcher.core.DefaultLauncher.execute(DefaultLauncher.java:85) ~[junit-platform-launcher-1.12.2.jar:1.12.2]
	at org.junit.platform.launcher.core.DelegatingLauncher.execute(DelegatingLauncher.java:47) ~[junit-platform-launcher-1.12.2.jar:1.12.2]
	at org.junit.platform.launcher.core.InterceptingLauncher.lambda$execute$1(InterceptingLauncher.java:39) ~[junit-platform-launcher-1.12.2.jar:1.12.2]
	at org.junit.platform.launcher.core.ClasspathAlignmentCheckingLauncherInterceptor.intercept(ClasspathAlignmentCheckingLauncherInterceptor.java:25) ~[junit-platform-launcher-1.12.2.jar:1.12.2]
	at org.junit.platform.launcher.core.InterceptingLauncher.execute(InterceptingLauncher.java:38) ~[junit-platform-launcher-1.12.2.jar:1.12.2]
	at org.junit.platform.launcher.core.DelegatingLauncher.execute(DelegatingLauncher.java:47) ~[junit-platform-launcher-1.12.2.jar:1.12.2]
	at org.apache.maven.surefire.junitplatform.LazyLauncher.execute(LazyLauncher.java:56) ~[surefire-junit-platform-3.5.3.jar:3.5.3]
	at org.apache.maven.surefire.junitplatform.JUnitPlatformProvider.execute(JUnitPlatformProvider.java:194) ~[surefire-junit-platform-3.5.3.jar:3.5.3]
	at org.apache.maven.surefire.junitplatform.JUnitPlatformProvider.invokeAllTests(JUnitPlatformProvider.java:150) ~[surefire-junit-platform-3.5.3.jar:3.5.3]
	at org.apache.maven.surefire.junitplatform.JUnitPlatformProvider.invoke(JUnitPlatformProvider.java:124) ~[surefire-junit-platform-3.5.3.jar:3.5.3]
	at org.apache.maven.surefire.booter.ForkedBooter.runSuitesInProcess(ForkedBooter.java:385) ~[surefire-booter-3.5.3.jar:3.5.3]
	at org.apache.maven.surefire.booter.ForkedBooter.execute(ForkedBooter.java:162) ~[surefire-booter-3.5.3.jar:3.5.3]
	at org.apache.maven.surefire.booter.ForkedBooter.run(ForkedBooter.java:507) ~[surefire-booter-3.5.3.jar:3.5.3]
	at org.apache.maven.surefire.booter.ForkedBooter.main(ForkedBooter.java:495) ~[surefire-booter-3.5.3.jar:3.5.3]

2025-08-07T17:31:11.058+01:00 ERROR 22520 --- [supershopcart] [           main] c.s.services.JwtTokenService             : Exception type: IllegalStateException
2025-08-07T17:31:11.058+01:00 ERROR 22520 --- [supershopcart] [           main] c.s.services.JwtTokenService             : Exception message: JWT secret is empty - check your application.properties
]]></system-out>
  </testcase>
  <testcase name="testIsTokenExpiredReturnsTrueForEmptyToken" classname="com.supershopcart.services.JwtTokenServiceTest" time="0.002"/>
  <testcase name="testGetExpirationDateForNullToken" classname="com.supershopcart.services.JwtTokenServiceTest" time="0.002"/>
  <testcase name="testIsTokenExpiredReturnsFalseForValidToken" classname="com.supershopcart.services.JwtTokenServiceTest" time="0.002"/>
  <testcase name="testIsTokenValidReturnsFalseForNullTokenWithoutShopperId" classname="com.supershopcart.services.JwtTokenServiceTest" time="0.001"/>
  <testcase name="testIsTokenValidReturnsFalseForWrongShopper" classname="com.supershopcart.services.JwtTokenServiceTest" time="0.002"/>
</testsuite>